#
# There is insufficient memory for the Java Runtime Environment to continue.
# Native memory allocation (malloc) failed to allocate 1193616 bytes for Chunk::new
# Possible reasons:
#   The system is out of physical RAM or swap space
#   The process is running with CompressedOops enabled, and the Java Heap may be blocking the growth of the native heap
# Possible solutions:
#   Reduce memory load on the system
#   Increase physical memory or swap space
#   Check if swap backing store is full
#   Decrease Java heap size (-Xmx/-Xms)
#   Decrease number of Java threads
#   Decrease Java thread stack sizes (-Xss)
#   Set larger code cache with -XX:ReservedCodeCacheSize=
#   JVM is running with Unscaled Compressed Oops mode in which the Java heap is
#     placed in the first 4GB address space. The Java Heap base address is the
#     maximum limit for the native heap growth. Please use -XX:HeapBaseMinAddress
#     to set the Java Heap base and to place the Java Heap above 4GB virtual address.
# This output file may be truncated or incomplete.
#
#  Out of Memory Error (./src/hotspot/share/memory/arena.cpp:197), pid=16736, tid=15108
#
# JRE version: OpenJDK Runtime Environment (11.0.10) (build 11.0.10+0-b96-7249189)
# Java VM: OpenJDK 64-Bit Server VM (11.0.10+0-b96-7249189, mixed mode, tiered, compressed oops, g1 gc, windows-amd64)
# No core dump will be written. Minidumps are not enabled by default on client versions of Windows
#

---------------  S U M M A R Y ------------

Command Line: --add-opens=java.base/java.util=ALL-UNNAMED --add-opens=java.base/java.lang=ALL-UNNAMED --add-opens=java.base/java.lang.invoke=ALL-UNNAMED --add-opens=java.base/java.util=ALL-UNNAMED --add-opens=java.prefs/java.util.prefs=ALL-UNNAMED --add-opens=java.prefs/java.util.prefs=ALL-UNNAMED --add-opens=java.base/java.nio.charset=ALL-UNNAMED --add-opens=java.base/java.net=ALL-UNNAMED --add-opens=java.base/java.util.concurrent.atomic=ALL-UNNAMED -Xmx2048m -Dfile.encoding=UTF-8 -Duser.country=CN -Duser.language=zh -Duser.variant org.gradle.launcher.daemon.bootstrap.GradleDaemon 7.0.2

Host: Intel(R) Core(TM) i7-10870H CPU @ 2.20GHz, 16 cores, 15G,  Windows 10 , 64 bit Build 19041 (10.0.19041.1202)
Time: Wed Oct 13 10:46:56 2021 ¶«²¿ÏÄÁîÊ± elapsed time: 1148.301152 seconds (0d 0h 19m 8s)

---------------  T H R E A D  ---------------

Current thread (0x000002853b6d0000):  JavaThread "C2 CompilerThread0" daemon [_thread_in_native, id=15108, stack(0x00000085c6800000,0x00000085c6900000)]


Current CompileTask:
C2:1148301 27590       4       com.android.ide.common.resources.DataSet::appendToXml (390 bytes)

Stack: [0x00000085c6800000,0x00000085c6900000]
Native frames: (J=compiled Java code, j=interpreted, Vv=VM code, C=native code)
V  [jvm.dll+0x5ecfaa]
V  [jvm.dll+0x722bd5]
V  [jvm.dll+0x72412d]
V  [jvm.dll+0x7247e3]
V  [jvm.dll+0x242928]
V  [jvm.dll+0xbc4fc]
V  [jvm.dll+0xbca0c]
V  [jvm.dll+0x352d7d]
V  [jvm.dll+0x197e0c]
V  [jvm.dll+0x1fb70e]
V  [jvm.dll+0x1fa7f4]
V  [jvm.dll+0x18354c]
V  [jvm.dll+0x208ee7]
V  [jvm.dll+0x207731]
V  [jvm.dll+0x6eb1cf]
V  [jvm.dll+0x6e3d45]
V  [jvm.dll+0x5ebe96]
C  [ucrtbase.dll+0x21bb2]
C  [KERNEL32.DLL+0x17034]
C  [ntdll.dll+0x52651]


---------------  P R O C E S S  ---------------

Threads class SMR info:
_java_thread_list=0x00000285410cda20, length=106, elements={
0x000002851def1800, 0x000002853b649000, 0x000002853b64c800, 0x000002853b6c1800,
0x000002853b6c2000, 0x000002853b6c3000, 0x000002853b6d0000, 0x000002853b6d5800,
0x000002853b6eb000, 0x000002853b84f800, 0x000002853de84000, 0x000002853bd93800,
0x000002853ddc8800, 0x000002853d006800, 0x000002853d005000, 0x000002853d008800,
0x000002853d00a000, 0x000002853d00b000, 0x000002853d00b800, 0x000002853d006000,
0x000002853f549800, 0x000002853f54a000, 0x000002853f548800, 0x000002853f54c000,
0x000002853f54d800, 0x000002853f54b000, 0x000002853f550000, 0x000002853f551800,
0x000002853f552800, 0x000002853f54c800, 0x000002853f554000, 0x000002853f550800,
0x000002853f553000, 0x000002853f54e800, 0x000002853f555800, 0x00000285408c0800,
0x0000028542671000, 0x0000028548bae000, 0x00000285486c9800, 0x000002853f54f000,
0x00000285486ce000, 0x000002853cbed800, 0x000002853cbf1800, 0x000002853cbf3800,
0x000002853d007800, 0x00000285408bd800, 0x00000285408c9000, 0x0000028542679000,
0x000002854267a000, 0x0000028542675000, 0x000002854266e800, 0x0000028542678000,
0x000002853cbf4000, 0x000002853cbee800, 0x000002853cbf5000, 0x000002853cbef000,
0x000002853cbf1000, 0x000002853cbf5800, 0x000002853cbf0000, 0x000002853cbf2800,
0x000002853cbf7800, 0x000002853cbfa800, 0x000002853cbf9000, 0x000002853cbfa000,
0x000002853cbfb800, 0x000002853cbf8000, 0x000002853cbfc800, 0x000002853cbf6800,
0x0000028548bb0000, 0x0000028548baf000, 0x0000028548bb6800, 0x0000028548bb3000,
0x0000028548bb0800, 0x0000028548bb4000, 0x0000028548bb4800, 0x0000028548bb5800,
0x0000028548bb2000, 0x0000028548bb7000, 0x0000028548bb1800, 0x0000028548bb9800,
0x0000028548bbb000, 0x0000028548bbd000, 0x0000028548bb8000, 0x0000028548bba800,
0x0000028548bb9000, 0x0000028548bbc000, 0x00000285486c7800, 0x00000285486c6000,
0x00000285486c4800, 0x00000285486c2000, 0x00000285486c5000, 0x00000285486c7000,
0x00000285486c3000, 0x00000285486c8800, 0x00000285486c3800, 0x00000285486d0000,
0x00000285486cb000, 0x00000285486ca000, 0x00000285486cf000, 0x00000285486cd800,
0x00000285486cc000, 0x00000285486d0800, 0x00000285486cc800, 0x00000285408c3000,
0x00000285408c0000, 0x00000285408bf000
}

Java Threads: ( => current thread )
  0x000002851def1800 JavaThread "main" [_thread_blocked, id=17652, stack(0x00000085c5c00000,0x00000085c5d00000)]
  0x000002853b649000 JavaThread "Reference Handler" daemon [_thread_blocked, id=5492, stack(0x00000085c6300000,0x00000085c6400000)]
  0x000002853b64c800 JavaThread "Finalizer" daemon [_thread_blocked, id=23508, stack(0x00000085c6400000,0x00000085c6500000)]
  0x000002853b6c1800 JavaThread "Signal Dispatcher" daemon [_thread_blocked, id=27220, stack(0x00000085c6500000,0x00000085c6600000)]
  0x000002853b6c2000 JavaThread "Attach Listener" daemon [_thread_blocked, id=26444, stack(0x00000085c6600000,0x00000085c6700000)]
  0x000002853b6c3000 JavaThread "Service Thread" daemon [_thread_blocked, id=8684, stack(0x00000085c6700000,0x00000085c6800000)]
=>0x000002853b6d0000 JavaThread "C2 CompilerThread0" daemon [_thread_in_native, id=15108, stack(0x00000085c6800000,0x00000085c6900000)]
  0x000002853b6d5800 JavaThread "C1 CompilerThread0" daemon [_thread_blocked, id=19596, stack(0x00000085c6900000,0x00000085c6a00000)]
  0x000002853b6eb000 JavaThread "Sweeper thread" daemon [_thread_blocked, id=16004, stack(0x00000085c6a00000,0x00000085c6b00000)]
  0x000002853b84f800 JavaThread "Common-Cleaner" daemon [_thread_blocked, id=24404, stack(0x00000085c6c00000,0x00000085c6d00000)]
  0x000002853de84000 JavaThread "Daemon health stats" [_thread_blocked, id=23180, stack(0x00000085c7800000,0x00000085c7900000)]
  0x000002853bd93800 JavaThread "Incoming local TCP Connector on port 63363" [_thread_in_native, id=14276, stack(0x00000085c6e00000,0x00000085c6f00000)]
  0x000002853ddc8800 JavaThread "Daemon periodic checks" [_thread_blocked, id=12388, stack(0x00000085c7000000,0x00000085c7100000)]
  0x000002853d006800 JavaThread "Cache worker for file hash cache (C:\Users\XIAJUNWEN\.gradle\caches\7.0.2\fileHashes)" [_thread_blocked, id=13552, stack(0x00000085c8000000,0x00000085c8100000)]
  0x000002853d005000 JavaThread "File lock request listener" [_thread_in_native, id=19496, stack(0x00000085c8100000,0x00000085c8200000)]
  0x000002853d008800 JavaThread "Cache worker for journal cache (C:\Users\XIAJUNWEN\.gradle\caches\journal-1)" [_thread_blocked, id=11128, stack(0x00000085c8b00000,0x00000085c8c00000)]
  0x000002853d00a000 JavaThread "File watcher server" daemon [_thread_in_native, id=8904, stack(0x00000085c8d00000,0x00000085c8e00000)]
  0x000002853d00b000 JavaThread "File watcher consumer" daemon [_thread_blocked, id=8900, stack(0x00000085c8e00000,0x00000085c8f00000)]
  0x000002853d00b800 JavaThread "jar transforms" [_thread_blocked, id=11624, stack(0x00000085c9000000,0x00000085c9100000)]
  0x000002853d006000 JavaThread "jar transforms Thread 2" [_thread_blocked, id=26040, stack(0x00000085c9100000,0x00000085c9200000)]
  0x000002853f549800 JavaThread "jar transforms Thread 3" [_thread_blocked, id=26372, stack(0x00000085c9200000,0x00000085c9300000)]
  0x000002853f54a000 JavaThread "jar transforms Thread 4" [_thread_blocked, id=14264, stack(0x00000085c9300000,0x00000085c9400000)]
  0x000002853f548800 JavaThread "jar transforms Thread 5" [_thread_blocked, id=27124, stack(0x00000085c9400000,0x00000085c9500000)]
  0x000002853f54c000 JavaThread "jar transforms Thread 6" [_thread_blocked, id=14808, stack(0x00000085c9500000,0x00000085c9600000)]
  0x000002853f54d800 JavaThread "jar transforms Thread 7" [_thread_blocked, id=24388, stack(0x00000085c9600000,0x00000085c9700000)]
  0x000002853f54b000 JavaThread "jar transforms Thread 8" [_thread_blocked, id=24444, stack(0x00000085c9700000,0x00000085c9800000)]
  0x000002853f550000 JavaThread "jar transforms Thread 9" [_thread_blocked, id=20260, stack(0x00000085c9800000,0x00000085c9900000)]
  0x000002853f551800 JavaThread "jar transforms Thread 10" [_thread_blocked, id=24304, stack(0x00000085c9900000,0x00000085c9a00000)]
  0x000002853f552800 JavaThread "jar transforms Thread 11" [_thread_blocked, id=4752, stack(0x00000085c9a00000,0x00000085c9b00000)]
  0x000002853f54c800 JavaThread "jar transforms Thread 12" [_thread_blocked, id=22308, stack(0x00000085c9b00000,0x00000085c9c00000)]
  0x000002853f554000 JavaThread "jar transforms Thread 13" [_thread_blocked, id=10808, stack(0x00000085c9c00000,0x00000085c9d00000)]
  0x000002853f550800 JavaThread "jar transforms Thread 14" [_thread_blocked, id=15196, stack(0x00000085c9d00000,0x00000085c9e00000)]
  0x000002853f553000 JavaThread "jar transforms Thread 15" [_thread_blocked, id=23444, stack(0x00000085c9e00000,0x00000085c9f00000)]
  0x000002853f54e800 JavaThread "jar transforms Thread 16" [_thread_blocked, id=19296, stack(0x00000085c9f00000,0x00000085ca000000)]
  0x000002853f555800 JavaThread "Cache worker for execution history cache (C:\Users\XIAJUNWEN\.gradle\caches\7.0.2\executionHistory)" [_thread_blocked, id=7012, stack(0x00000085ca300000,0x00000085ca400000)]
  0x00000285408c0800 JavaThread "Cache worker for file content cache (C:\Users\XIAJUNWEN\.gradle\caches\7.0.2\fileContent)" [_thread_blocked, id=3032, stack(0x00000085ca700000,0x00000085ca800000)]
  0x0000028542671000 JavaThread "Memory manager" [_thread_blocked, id=16808, stack(0x00000085cba00000,0x00000085cbb00000)]
  0x0000028548bae000 JavaThread "Cache worker for Java compile cache (C:\Users\XIAJUNWEN\.gradle\caches\7.0.2\javaCompile)" [_thread_blocked, id=2460, stack(0x00000085cd400000,0x00000085cd500000)]
  0x00000285486c9800 JavaThread "ForkJoinPool.commonPool-worker-17" daemon [_thread_blocked, id=25056, stack(0x00000085ceb00000,0x00000085cec00000)]
  0x000002853f54f000 JavaThread "ForkJoinPool.commonPool-worker-11" daemon [_thread_blocked, id=18648, stack(0x00000085ce100000,0x00000085ce200000)]
  0x00000285486ce000 JavaThread "ForkJoinPool.commonPool-worker-1" daemon [_thread_blocked, id=2448, stack(0x00000085cde00000,0x00000085cdf00000)]
  0x000002853cbed800 JavaThread "ForkJoinPool.commonPool-worker-5" daemon [_thread_blocked, id=27060, stack(0x00000085ce500000,0x00000085ce600000)]
  0x000002853cbf1800 JavaThread "ForkJoinPool.commonPool-worker-9" daemon [_thread_blocked, id=19156, stack(0x00000085ce600000,0x00000085ce700000)]
  0x000002853cbf3800 JavaThread "ForkJoinPool.commonPool-worker-23" daemon [_thread_blocked, id=7536, stack(0x00000085ce700000,0x00000085ce800000)]
  0x000002853d007800 JavaThread "ForkJoinPool.commonPool-worker-27" daemon [_thread_blocked, id=6492, stack(0x00000085ce800000,0x00000085ce900000)]
  0x00000285408bd800 JavaThread "ForkJoinPool.commonPool-worker-13" daemon [_thread_blocked, id=10804, stack(0x00000085cc300000,0x00000085cc400000)]
  0x00000285408c9000 JavaThread "ForkJoinPool.commonPool-worker-31" daemon [_thread_blocked, id=4264, stack(0x00000085cc400000,0x00000085cc500000)]
  0x0000028542679000 JavaThread "ForkJoinPool.commonPool-worker-19" daemon [_thread_blocked, id=24972, stack(0x00000085cda00000,0x00000085cdb00000)]
  0x000002854267a000 JavaThread "ForkJoinPool.commonPool-worker-7" daemon [_thread_blocked, id=15320, stack(0x00000085cdb00000,0x00000085cdc00000)]
  0x0000028542675000 JavaThread "ForkJoinPool.commonPool-worker-21" daemon [_thread_blocked, id=16112, stack(0x00000085cdc00000,0x00000085cdd00000)]
  0x000002854266e800 JavaThread "Daemon Thread 8" [_thread_blocked, id=19948, stack(0x00000085c5900000,0x00000085c5a00000)]
  0x0000028542678000 JavaThread "Daemon worker Thread 8" [_thread_blocked, id=23688, stack(0x00000085c6b00000,0x00000085c6c00000)]
  0x000002853cbf4000 JavaThread "Handler for socket connection from /127.0.0.1:63363 to /127.0.0.1:61169" [_thread_in_native, id=26800, stack(0x00000085c5a00000,0x00000085c5b00000)]
  0x000002853cbee800 JavaThread "Cancel handler" [_thread_blocked, id=27592, stack(0x00000085c5b00000,0x00000085c5c00000)]
  0x000002853cbf5000 JavaThread "Asynchronous log dispatcher for DefaultDaemonConnection: socket connection from /127.0.0.1:63363 to /127.0.0.1:61169" [_thread_blocked, id=23460, stack(0x00000085c6f00000,0x00000085c7000000)]
  0x000002853cbef000 JavaThread "Stdin handler" [_thread_blocked, id=12396, stack(0x00000085c7600000,0x00000085c7700000)]
  0x000002853cbf1000 JavaThread "Daemon client event forwarder" [_thread_blocked, id=20340, stack(0x00000085c7700000,0x00000085c7800000)]
  0x000002853cbf5800 JavaThread "Cache worker for file hash cache (C:\Users\XIAJUNWEN\AndroidStudioProjects\Animation\.gradle\7.0.2\fileHashes)" [_thread_blocked, id=2168, stack(0x00000085c7900000,0x00000085c7a00000)]
  0x000002853cbf0000 JavaThread "Cache worker for checksums cache (C:\Users\XIAJUNWEN\AndroidStudioProjects\Animation\.gradle\checksums)" [_thread_blocked, id=3368, stack(0x00000085c7a00000,0x00000085c7b00000)]
  0x000002853cbf2800 JavaThread "Cache worker for cache directory md-supplier (C:\Users\XIAJUNWEN\.gradle\caches\7.0.2\md-supplier)" [_thread_blocked, id=19256, stack(0x00000085c7b00000,0x00000085c7c00000)]
  0x000002853cbf7800 JavaThread "Cache worker for cache directory md-rule (C:\Users\XIAJUNWEN\.gradle\caches\7.0.2\md-rule)" [_thread_blocked, id=12584, stack(0x00000085c7c00000,0x00000085c7d00000)]
  0x000002853cbfa800 JavaThread "Cache worker for dependencies-accessors (C:\Users\XIAJUNWEN\AndroidStudioProjects\Animation\.gradle\7.0.2\dependencies-accessors)" [_thread_blocked, id=24524, stack(0x00000085c7d00000,0x00000085c7e00000)]
  0x000002853cbf9000 JavaThread "Cache worker for Build Output Cleanup Cache (C:\Users\XIAJUNWEN\AndroidStudioProjects\Animation\.gradle\buildOutputCleanup)" [_thread_blocked, id=20164, stack(0x00000085c7e00000,0x00000085c7f00000)]
  0x000002853cbfa000 JavaThread "Build operations" [_thread_blocked, id=26644, stack(0x00000085c7f00000,0x00000085c8000000)]
  0x000002853cbfb800 JavaThread "Build operations Thread 2" [_thread_blocked, id=15944, stack(0x00000085c8c00000,0x00000085c8d00000)]
  0x000002853cbf8000 JavaThread "Build operations Thread 3" [_thread_blocked, id=20276, stack(0x00000085c8f00000,0x00000085c9000000)]
  0x000002853cbfc800 JavaThread "Build operations Thread 4" [_thread_blocked, id=16280, stack(0x00000085ca000000,0x00000085ca100000)]
  0x000002853cbf6800 JavaThread "Build operations Thread 5" [_thread_blocked, id=17020, stack(0x00000085ca100000,0x00000085ca200000)]
  0x0000028548bb0000 JavaThread "Build operations Thread 6" [_thread_blocked, id=16812, stack(0x00000085ca200000,0x00000085ca300000)]
  0x0000028548baf000 JavaThread "Build operations Thread 7" [_thread_blocked, id=15068, stack(0x00000085ca400000,0x00000085ca500000)]
  0x0000028548bb6800 JavaThread "Build operations Thread 8" [_thread_blocked, id=24656, stack(0x00000085ca500000,0x00000085ca600000)]
  0x0000028548bb3000 JavaThread "Build operations Thread 9" [_thread_blocked, id=18000, stack(0x00000085ca600000,0x00000085ca700000)]
  0x0000028548bb0800 JavaThread "Build operations Thread 10" [_thread_blocked, id=11648, stack(0x00000085ca800000,0x00000085ca900000)]
  0x0000028548bb4000 JavaThread "Build operations Thread 11" [_thread_blocked, id=10264, stack(0x00000085ca900000,0x00000085caa00000)]
  0x0000028548bb4800 JavaThread "Build operations Thread 12" [_thread_blocked, id=23696, stack(0x00000085caa00000,0x00000085cab00000)]
  0x0000028548bb5800 JavaThread "Build operations Thread 13" [_thread_blocked, id=21692, stack(0x00000085cab00000,0x00000085cac00000)]
  0x0000028548bb2000 JavaThread "Build operations Thread 14" [_thread_blocked, id=26468, stack(0x00000085cac00000,0x00000085cad00000)]
  0x0000028548bb7000 JavaThread "Build operations Thread 15" [_thread_blocked, id=18972, stack(0x00000085cad00000,0x00000085cae00000)]
  0x0000028548bb1800 JavaThread "Build operations Thread 16" [_thread_blocked, id=10432, stack(0x00000085cae00000,0x00000085caf00000)]
  0x0000028548bb9800 JavaThread "C2 CompilerThread1" daemon [_thread_blocked, id=19824, stack(0x00000085caf00000,0x00000085cb000000)]
  0x0000028548bbb000 JavaThread "C2 CompilerThread2" daemon [_thread_blocked, id=17280, stack(0x00000085cb000000,0x00000085cb100000)]
  0x0000028548bbd000 JavaThread "C1 CompilerThread1" daemon [_thread_blocked, id=17752, stack(0x00000085cb100000,0x00000085cb200000)]
  0x0000028548bb8000 JavaThread "C1 CompilerThread2" daemon [_thread_blocked, id=24812, stack(0x00000085cb200000,0x00000085cb300000)]
  0x0000028548bba800 JavaThread "C1 CompilerThread3" daemon [_thread_blocked, id=3608, stack(0x00000085cb300000,0x00000085cb400000)]
  0x0000028548bb9000 JavaThread "build event listener" [_thread_blocked, id=11772, stack(0x00000085cb400000,0x00000085cb500000)]
  0x0000028548bbc000 JavaThread "Execution worker for ':'" [_thread_blocked, id=27136, stack(0x00000085cb500000,0x00000085cb600000)]
  0x00000285486c7800 JavaThread "Execution worker for ':' Thread 2" [_thread_blocked, id=9484, stack(0x00000085cb600000,0x00000085cb700000)]
  0x00000285486c6000 JavaThread "Execution worker for ':' Thread 3" [_thread_blocked, id=6816, stack(0x00000085cb700000,0x00000085cb800000)]
  0x00000285486c4800 JavaThread "Execution worker for ':' Thread 4" [_thread_blocked, id=10608, stack(0x00000085cb800000,0x00000085cb900000)]
  0x00000285486c2000 JavaThread "Execution worker for ':' Thread 5" [_thread_blocked, id=10524, stack(0x00000085cb900000,0x00000085cba00000)]
  0x00000285486c5000 JavaThread "Execution worker for ':' Thread 6" [_thread_blocked, id=27116, stack(0x00000085cbb00000,0x00000085cbc00000)]
  0x00000285486c7000 JavaThread "Execution worker for ':' Thread 7" [_thread_blocked, id=12240, stack(0x00000085cbc00000,0x00000085cbd00000)]
  0x00000285486c3000 JavaThread "Execution worker for ':' Thread 8" [_thread_blocked, id=5364, stack(0x00000085cbd00000,0x00000085cbe00000)]
  0x00000285486c8800 JavaThread "Execution worker for ':' Thread 9" [_thread_blocked, id=23604, stack(0x00000085cbe00000,0x00000085cbf00000)]
  0x00000285486c3800 JavaThread "Execution worker for ':' Thread 10" [_thread_blocked, id=10892, stack(0x00000085cbf00000,0x00000085cc000000)]
  0x00000285486d0000 JavaThread "Execution worker for ':' Thread 11" [_thread_blocked, id=13688, stack(0x00000085cc000000,0x00000085cc100000)]
  0x00000285486cb000 JavaThread "Execution worker for ':' Thread 12" [_thread_blocked, id=3616, stack(0x00000085cc100000,0x00000085cc200000)]
  0x00000285486ca000 JavaThread "Execution worker for ':' Thread 13" [_thread_blocked, id=10092, stack(0x00000085cc200000,0x00000085cc300000)]
  0x00000285486cf000 JavaThread "Execution worker for ':' Thread 14" [_thread_blocked, id=1832, stack(0x00000085cc500000,0x00000085cc600000)]
  0x00000285486cd800 JavaThread "Execution worker for ':' Thread 15" [_thread_blocked, id=13968, stack(0x00000085cc600000,0x00000085cc700000)]
  0x00000285486cc000 JavaThread "Cache worker for execution history cache (C:\Users\XIAJUNWEN\AndroidStudioProjects\Animation\.gradle\7.0.2\executionHistory)" [_thread_blocked, id=23348, stack(0x00000085cc700000,0x00000085cc800000)]
  0x00000285486d0800 JavaThread "WorkerExecutor Queue" [_thread_blocked, id=20476, stack(0x00000085cc800000,0x00000085cc900000)]
  0x00000285486cc800 JavaThread "WorkerExecutor Queue Thread 2" [_thread_blocked, id=24060, stack(0x00000085cc900000,0x00000085cca00000)]
  0x00000285408c3000 JavaThread "pool-46-thread-1" [_thread_blocked, id=12696, stack(0x00000085cca00000,0x00000085ccb00000)]
  0x00000285408c0000 JavaThread "stderr" [_thread_in_native, id=20868, stack(0x00000085ccb00000,0x00000085ccc00000)]
  0x00000285408bf000 JavaThread "stdout" [_thread_in_native, id=6740, stack(0x00000085ccc00000,0x00000085ccd00000)]

Other Threads:
  0x000002853b646000 VMThread "VM Thread" [stack: 0x00000085c6200000,0x00000085c6300000] [id=6532]
  0x000002853b88e000 WatcherThread [stack: 0x00000085c6d00000,0x00000085c6e00000] [id=8968]
  0x000002851df0a800 GCTaskThread "GC Thread#0" [stack: 0x00000085c5d00000,0x00000085c5e00000] [id=11792]
  0x000002853c614800 GCTaskThread "GC Thread#1" [stack: 0x00000085c7100000,0x00000085c7200000] [id=10000]
  0x000002853c615000 GCTaskThread "GC Thread#2" [stack: 0x00000085c7200000,0x00000085c7300000] [id=15984]
  0x000002853c755000 GCTaskThread "GC Thread#3" [stack: 0x00000085c7300000,0x00000085c7400000] [id=13232]
  0x000002853c601000 GCTaskThread "GC Thread#4" [stack: 0x00000085c7400000,0x00000085c7500000] [id=4464]
  0x000002853c601800 GCTaskThread "GC Thread#5" [stack: 0x00000085c7500000,0x00000085c7600000] [id=13404]
  0x000002853c89c800 GCTaskThread "GC Thread#6" [stack: 0x00000085c8200000,0x00000085c8300000] [id=14156]
  0x000002853ec02000 GCTaskThread "GC Thread#7" [stack: 0x00000085c8300000,0x00000085c8400000] [id=14236]
  0x000002853e652800 GCTaskThread "GC Thread#8" [stack: 0x00000085c8400000,0x00000085c8500000] [id=25852]
  0x000002853e0c9800 GCTaskThread "GC Thread#9" [stack: 0x00000085c8500000,0x00000085c8600000] [id=14112]
  0x000002853d9e6800 GCTaskThread "GC Thread#10" [stack: 0x00000085c8600000,0x00000085c8700000] [id=22324]
  0x000002853e1ca000 GCTaskThread "GC Thread#11" [stack: 0x00000085c8700000,0x00000085c8800000] [id=11076]
  0x000002853ca7e800 GCTaskThread "GC Thread#12" [stack: 0x00000085c8800000,0x00000085c8900000] [id=20872]
  0x000002851df3e000 ConcurrentGCThread "G1 Main Marker" [stack: 0x00000085c5e00000,0x00000085c5f00000] [id=14804]
  0x000002851df40000 ConcurrentGCThread "G1 Conc#0" [stack: 0x00000085c5f00000,0x00000085c6000000] [id=26976]
  0x000002853e050800 ConcurrentGCThread "G1 Conc#1" [stack: 0x00000085c8900000,0x00000085c8a00000] [id=25588]
  0x000002853bfaa800 ConcurrentGCThread "G1 Conc#2" [stack: 0x00000085c8a00000,0x00000085c8b00000] [id=26240]
  0x000002851dfce000 ConcurrentGCThread "G1 Refine#0" [stack: 0x00000085c6000000,0x00000085c6100000] [id=9728]
  0x000002853ac95800 ConcurrentGCThread "G1 Young RemSet Sampling" [stack: 0x00000085c6100000,0x00000085c6200000] [id=19052]

Threads with active compile tasks:
C2 CompilerThread01148323 27590       4       com.android.ide.common.resources.DataSet::appendToXml (390 bytes)

VM state:not at safepoint (normal execution)

VM Mutex/Monitor currently owned by a thread: None

Heap address: 0x0000000080000000, size: 2048 MB, Compressed Oops mode: 32-bit
Narrow klass base: 0x0000000000000000, Narrow klass shift: 3
Compressed class space size: 1073741824 Address: 0x0000000100000000

Heap:
 garbage-first heap   total 260096K, used 134082K [0x0000000080000000, 0x0000000100000000)
  region size 1024K, 11 young (11264K), 5 survivors (5120K)
 Metaspace       used 133017K, capacity 137490K, committed 139272K, reserved 1169408K
  class space    used 16479K, capacity 18098K, committed 18984K, reserved 1048576K
Heap Regions: E=young(eden), S=young(survivor), O=old, HS=humongous(starts), HC=humongous(continues), CS=collection set, F=free, A=archive, TAMS=top-at-mark-start (previous, next)
|   0|0x0000000080000000, 0x0000000080100000, 0x0000000080100000|100%| O|  |TAMS 0x0000000080100000, 0x0000000080000000| Complete 
|   1|0x0000000080100000, 0x0000000080200000, 0x0000000080200000|100%| O|  |TAMS 0x0000000080200000, 0x0000000080100000| Untracked 
|   2|0x0000000080200000, 0x0000000080300000, 0x0000000080300000|100%| O|  |TAMS 0x0000000080300000, 0x0000000080200000| Untracked 
|   3|0x0000000080300000, 0x0000000080400000, 0x0000000080400000|100%|HS|  |TAMS 0x0000000080400000, 0x0000000080300000| Complete 
|   4|0x0000000080400000, 0x0000000080500000, 0x0000000080500000|100%|HC|  |TAMS 0x0000000080500000, 0x0000000080400000| Complete 
|   5|0x0000000080500000, 0x0000000080600000, 0x0000000080600000|100%|HC|  |TAMS 0x0000000080600000, 0x0000000080500000| Complete 
|   6|0x0000000080600000, 0x0000000080700000, 0x0000000080700000|100%| O|  |TAMS 0x0000000080700000, 0x0000000080600000| Complete 
|   7|0x0000000080700000, 0x0000000080800000, 0x0000000080800000|100%| O|  |TAMS 0x0000000080800000, 0x0000000080700000| Untracked 
|   8|0x0000000080800000, 0x0000000080900000, 0x0000000080900000|100%| O|  |TAMS 0x0000000080900000, 0x0000000080800000| Untracked 
|   9|0x0000000080900000, 0x0000000080a00000, 0x0000000080a00000|100%| O|  |TAMS 0x0000000080a00000, 0x0000000080900000| Untracked 
|  10|0x0000000080a00000, 0x0000000080b00000, 0x0000000080b00000|100%| O|  |TAMS 0x0000000080b00000, 0x0000000080a00000| Untracked 
|  11|0x0000000080b00000, 0x0000000080c00000, 0x0000000080c00000|100%| O|  |TAMS 0x0000000080c00000, 0x0000000080b00000| Untracked 
|  12|0x0000000080c00000, 0x0000000080d00000, 0x0000000080d00000|100%| O|  |TAMS 0x0000000080d00000, 0x0000000080c00000| Complete 
|  13|0x0000000080d00000, 0x0000000080e00000, 0x0000000080e00000|100%| O|  |TAMS 0x0000000080e00000, 0x0000000080d00000| Untracked 
|  14|0x0000000080e00000, 0x0000000080f00000, 0x0000000080f00000|100%| O|  |TAMS 0x0000000080f00000, 0x0000000080e00000| Untracked 
|  15|0x0000000080f00000, 0x0000000081000000, 0x0000000081000000|100%| O|  |TAMS 0x0000000081000000, 0x0000000080f00000| Untracked 
|  16|0x0000000081000000, 0x0000000081100000, 0x0000000081100000|100%| O|  |TAMS 0x0000000081100000, 0x0000000081000000| Untracked 
|  17|0x0000000081100000, 0x0000000081200000, 0x0000000081200000|100%|HS|  |TAMS 0x0000000081200000, 0x0000000081100000| Complete 
|  18|0x0000000081200000, 0x0000000081300000, 0x0000000081300000|100%|HC|  |TAMS 0x0000000081300000, 0x0000000081200000| Complete 
|  19|0x0000000081300000, 0x0000000081400000, 0x0000000081400000|100%|HS|  |TAMS 0x0000000081400000, 0x0000000081300000| Complete 
|  20|0x0000000081400000, 0x0000000081500000, 0x0000000081500000|100%|HC|  |TAMS 0x0000000081500000, 0x0000000081400000| Complete 
|  21|0x0000000081500000, 0x0000000081600000, 0x0000000081600000|100%|HC|  |TAMS 0x0000000081600000, 0x0000000081500000| Complete 
|  22|0x0000000081600000, 0x0000000081700000, 0x0000000081700000|100%|HS|  |TAMS 0x0000000081700000, 0x0000000081600000| Complete 
|  23|0x0000000081700000, 0x0000000081800000, 0x0000000081800000|100%|HC|  |TAMS 0x0000000081800000, 0x0000000081700000| Complete 
|  24|0x0000000081800000, 0x0000000081900000, 0x0000000081900000|100%|HC|  |TAMS 0x0000000081900000, 0x0000000081800000| Complete 
|  25|0x0000000081900000, 0x0000000081a00000, 0x0000000081a00000|100%|HC|  |TAMS 0x0000000081a00000, 0x0000000081900000| Complete 
|  26|0x0000000081a00000, 0x0000000081b00000, 0x0000000081b00000|100%|HC|  |TAMS 0x0000000081b00000, 0x0000000081a00000| Complete 
|  27|0x0000000081b00000, 0x0000000081c00000, 0x0000000081c00000|100%|HS|  |TAMS 0x0000000081c00000, 0x0000000081b00000| Complete 
|  28|0x0000000081c00000, 0x0000000081d00000, 0x0000000081d00000|100%|HS|  |TAMS 0x0000000081d00000, 0x0000000081c00000| Complete 
|  29|0x0000000081d00000, 0x0000000081e00000, 0x0000000081e00000|100%| O|  |TAMS 0x0000000081e00000, 0x0000000081d00000| Untracked 
|  30|0x0000000081e00000, 0x0000000081f00000, 0x0000000081f00000|100%|HS|  |TAMS 0x0000000081f00000, 0x0000000081e00000| Complete 
|  31|0x0000000081f00000, 0x0000000082000000, 0x0000000082000000|100%|HC|  |TAMS 0x0000000082000000, 0x0000000081f00000| Complete 
|  32|0x0000000082000000, 0x0000000082100000, 0x0000000082100000|100%|HC|  |TAMS 0x0000000082100000, 0x0000000082000000| Complete 
|  33|0x0000000082100000, 0x0000000082200000, 0x0000000082200000|100%|HC|  |TAMS 0x0000000082200000, 0x0000000082100000| Complete 
|  34|0x0000000082200000, 0x0000000082300000, 0x0000000082300000|100%|HC|  |TAMS 0x0000000082300000, 0x0000000082200000| Complete 
|  35|0x0000000082300000, 0x0000000082400000, 0x0000000082400000|100%|HS|  |TAMS 0x0000000082400000, 0x0000000082300000| Complete 
|  36|0x0000000082400000, 0x0000000082500000, 0x0000000082500000|100%|HC|  |TAMS 0x0000000082500000, 0x0000000082400000| Complete 
|  37|0x0000000082500000, 0x0000000082600000, 0x0000000082600000|100%|HC|  |TAMS 0x0000000082600000, 0x0000000082500000| Complete 
|  38|0x0000000082600000, 0x0000000082700000, 0x0000000082700000|100%| O|  |TAMS 0x0000000082700000, 0x0000000082600000| Untracked 
|  39|0x0000000082700000, 0x0000000082800000, 0x0000000082800000|100%| O|  |TAMS 0x0000000082800000, 0x0000000082700000| Complete 
|  40|0x0000000082800000, 0x0000000082900000, 0x0000000082900000|100%|HS|  |TAMS 0x0000000082900000, 0x0000000082800000| Complete 
|  41|0x0000000082900000, 0x0000000082a00000, 0x0000000082a00000|100%|HC|  |TAMS 0x0000000082a00000, 0x0000000082900000| Complete 
|  42|0x0000000082a00000, 0x0000000082b00000, 0x0000000082b00000|100%| O|  |TAMS 0x0000000082b00000, 0x0000000082a00000| Untracked 
|  43|0x0000000082b00000, 0x0000000082c00000, 0x0000000082c00000|100%| O|  |TAMS 0x0000000082c00000, 0x0000000082b00000| Untracked 
|  44|0x0000000082c00000, 0x0000000082d00000, 0x0000000082d00000|100%| O|  |TAMS 0x0000000082d00000, 0x0000000082c00000| Untracked 
|  45|0x0000000082d00000, 0x0000000082e00000, 0x0000000082e00000|100%| O|  |TAMS 0x0000000082e00000, 0x0000000082d00000| Untracked 
|  46|0x0000000082e00000, 0x0000000082f00000, 0x0000000082f00000|100%| O|  |TAMS 0x0000000082f00000, 0x0000000082e00000| Untracked 
|  47|0x0000000082f00000, 0x0000000083000000, 0x0000000083000000|100%| O|  |TAMS 0x0000000083000000, 0x0000000082f00000| Untracked 
|  48|0x0000000083000000, 0x0000000083100000, 0x0000000083100000|100%| O|  |TAMS 0x0000000083100000, 0x0000000083000000| Untracked 
|  49|0x0000000083100000, 0x0000000083200000, 0x0000000083200000|100%| O|  |TAMS 0x0000000083200000, 0x0000000083100000| Untracked 
|  50|0x0000000083200000, 0x0000000083300000, 0x0000000083300000|100%| O|  |TAMS 0x0000000083300000, 0x0000000083200000| Complete 
|  51|0x0000000083300000, 0x0000000083400000, 0x0000000083400000|100%| O|  |TAMS 0x0000000083400000, 0x0000000083300000| Untracked 
|  52|0x0000000083400000, 0x0000000083500000, 0x0000000083500000|100%| O|  |TAMS 0x0000000083500000, 0x0000000083400000| Untracked 
|  53|0x0000000083500000, 0x0000000083600000, 0x0000000083600000|100%| O|  |TAMS 0x0000000083600000, 0x0000000083500000| Untracked 
|  54|0x0000000083600000, 0x0000000083700000, 0x0000000083700000|100%| O|  |TAMS 0x0000000083700000, 0x0000000083600000| Complete 
|  55|0x0000000083700000, 0x0000000083800000, 0x0000000083800000|100%| O|  |TAMS 0x0000000083800000, 0x0000000083700000| Untracked 
|  56|0x0000000083800000, 0x0000000083900000, 0x0000000083900000|100%| O|  |TAMS 0x0000000083900000, 0x0000000083800000| Complete 
|  57|0x0000000083900000, 0x0000000083a00000, 0x0000000083a00000|100%| O|  |TAMS 0x0000000083a00000, 0x0000000083900000| Untracked 
|  58|0x0000000083a00000, 0x0000000083b00000, 0x0000000083b00000|100%| O|  |TAMS 0x0000000083b00000, 0x0000000083a00000| Complete 
|  59|0x0000000083b00000, 0x0000000083c00000, 0x0000000083c00000|100%| O|  |TAMS 0x0000000083c00000, 0x0000000083b00000| Untracked 
|  60|0x0000000083c00000, 0x0000000083d00000, 0x0000000083d00000|100%| O|  |TAMS 0x0000000083d00000, 0x0000000083c00000| Untracked 
|  61|0x0000000083d00000, 0x0000000083e00000, 0x0000000083e00000|100%| O|  |TAMS 0x0000000083e00000, 0x0000000083d00000| Complete 
|  62|0x0000000083e00000, 0x0000000083f00000, 0x0000000083f00000|100%| O|  |TAMS 0x0000000083f00000, 0x0000000083e00000| Complete 
|  63|0x0000000083f00000, 0x0000000084000000, 0x0000000084000000|100%| O|  |TAMS 0x0000000084000000, 0x0000000083f00000| Complete 
|  64|0x0000000084000000, 0x0000000084000000, 0x0000000084100000|  0%| F|  |TAMS 0x0000000084000000, 0x0000000084000000| Untracked 
|  65|0x0000000084100000, 0x0000000084200000, 0x0000000084200000|100%| O|  |TAMS 0x0000000084200000, 0x0000000084100000| Untracked 
|  66|0x0000000084200000, 0x0000000084300000, 0x0000000084300000|100%| O|  |TAMS 0x0000000084300000, 0x0000000084200000| Untracked 
|  67|0x0000000084300000, 0x0000000084400000, 0x0000000084400000|100%| O|  |TAMS 0x0000000084400000, 0x0000000084300000| Complete 
|  68|0x0000000084400000, 0x0000000084500000, 0x0000000084500000|100%| O|  |TAMS 0x0000000084500000, 0x0000000084400000| Complete 
|  69|0x0000000084500000, 0x0000000084600000, 0x0000000084600000|100%| O|  |TAMS 0x0000000084600000, 0x0000000084500000| Untracked 
|  70|0x0000000084600000, 0x0000000084700000, 0x0000000084700000|100%| O|  |TAMS 0x0000000084700000, 0x0000000084600000| Untracked 
|  71|0x0000000084700000, 0x0000000084800000, 0x0000000084800000|100%| O|  |TAMS 0x0000000084800000, 0x0000000084700000| Untracked 
|  72|0x0000000084800000, 0x0000000084900000, 0x0000000084900000|100%| O|  |TAMS 0x0000000084900000, 0x0000000084800000| Untracked 
|  73|0x0000000084900000, 0x0000000084a00000, 0x0000000084a00000|100%| O|  |TAMS 0x0000000084a00000, 0x0000000084900000| Untracked 
|  74|0x0000000084a00000, 0x0000000084b00000, 0x0000000084b00000|100%| O|  |TAMS 0x0000000084b00000, 0x0000000084a00000| Untracked 
|  75|0x0000000084b00000, 0x0000000084c00000, 0x0000000084c00000|100%| O|  |TAMS 0x0000000084c00000, 0x0000000084b00000| Complete 
|  76|0x0000000084c00000, 0x0000000084d00000, 0x0000000084d00000|100%| O|  |TAMS 0x0000000084d00000, 0x0000000084c00000| Untracked 
|  77|0x0000000084d00000, 0x0000000084e00000, 0x0000000084e00000|100%| O|  |TAMS 0x0000000084e00000, 0x0000000084d00000| Untracked 
|  78|0x0000000084e00000, 0x0000000084f00000, 0x0000000084f00000|100%| O|  |TAMS 0x0000000084f00000, 0x0000000084e00000| Complete 
|  79|0x0000000084f00000, 0x0000000085000000, 0x0000000085000000|100%| O|  |TAMS 0x0000000085000000, 0x0000000084f00000| Complete 
|  80|0x0000000085000000, 0x0000000085100000, 0x0000000085100000|100%| O|  |TAMS 0x0000000085100000, 0x0000000085000000| Complete 
|  81|0x0000000085100000, 0x0000000085100000, 0x0000000085200000|  0%| F|  |TAMS 0x0000000085100000, 0x0000000085100000| Untracked 
|  82|0x0000000085200000, 0x0000000085300000, 0x0000000085300000|100%| O|  |TAMS 0x0000000085300000, 0x0000000085200000| Untracked 
|  83|0x0000000085300000, 0x0000000085400000, 0x0000000085400000|100%| O|  |TAMS 0x0000000085400000, 0x0000000085300000| Complete 
|  84|0x0000000085400000, 0x0000000085500000, 0x0000000085500000|100%| O|  |TAMS 0x0000000085500000, 0x0000000085400000| Untracked 
|  85|0x0000000085500000, 0x0000000085600000, 0x0000000085600000|100%| O|  |TAMS 0x0000000085600000, 0x0000000085500000| Untracked 
|  86|0x0000000085600000, 0x0000000085700000, 0x0000000085700000|100%| O|  |TAMS 0x0000000085700000, 0x0000000085600000| Complete 
|  87|0x0000000085700000, 0x0000000085700000, 0x0000000085800000|  0%| F|  |TAMS 0x0000000085700000, 0x0000000085700000| Untracked 
|  88|0x0000000085800000, 0x0000000085900000, 0x0000000085900000|100%| O|  |TAMS 0x0000000085900000, 0x0000000085800000| Untracked 
|  89|0x0000000085900000, 0x0000000085a00000, 0x0000000085a00000|100%| O|  |TAMS 0x0000000085a00000, 0x0000000085900000| Untracked 
|  90|0x0000000085a00000, 0x0000000085a00000, 0x0000000085b00000|  0%| F|  |TAMS 0x0000000085a00000, 0x0000000085a00000| Untracked 
|  91|0x0000000085b00000, 0x0000000085c00000, 0x0000000085c00000|100%| O|  |TAMS 0x0000000085c00000, 0x0000000085b00000| Untracked 
|  92|0x0000000085c00000, 0x0000000085d00000, 0x0000000085d00000|100%| O|  |TAMS 0x0000000085d00000, 0x0000000085c00000| Complete 
|  93|0x0000000085d00000, 0x0000000085e00000, 0x0000000085e00000|100%| O|  |TAMS 0x0000000085e00000, 0x0000000085d00000| Complete 
|  94|0x0000000085e00000, 0x0000000085f00000, 0x0000000085f00000|100%| O|  |TAMS 0x0000000085f00000, 0x0000000085e00000| Complete 
|  95|0x0000000085f00000, 0x0000000086000000, 0x0000000086000000|100%| O|  |TAMS 0x0000000086000000, 0x0000000085f00000| Untracked 
|  96|0x0000000086000000, 0x0000000086100000, 0x0000000086100000|100%| O|  |TAMS 0x0000000086100000, 0x0000000086000000| Complete 
|  97|0x0000000086100000, 0x0000000086200000, 0x0000000086200000|100%| O|  |TAMS 0x0000000086200000, 0x0000000086100000| Untracked 
|  98|0x0000000086200000, 0x0000000086300000, 0x0000000086300000|100%| O|  |TAMS 0x0000000086300000, 0x0000000086200000| Untracked 
|  99|0x0000000086300000, 0x0000000086300000, 0x0000000086400000|  0%| F|  |TAMS 0x0000000086300000, 0x0000000086300000| Untracked 
| 100|0x0000000086400000, 0x0000000086500000, 0x0000000086500000|100%| O|  |TAMS 0x0000000086500000, 0x0000000086400000| Complete 
| 101|0x0000000086500000, 0x0000000086600000, 0x0000000086600000|100%| O|  |TAMS 0x0000000086600000, 0x0000000086500000| Complete 
| 102|0x0000000086600000, 0x0000000086600000, 0x0000000086700000|  0%| F|  |TAMS 0x0000000086600000, 0x0000000086600000| Untracked 
| 103|0x0000000086700000, 0x0000000086700000, 0x0000000086800000|  0%| F|  |TAMS 0x0000000086700000, 0x0000000086700000| Untracked 
| 104|0x0000000086800000, 0x0000000086900000, 0x0000000086900000|100%| O|  |TAMS 0x0000000086900000, 0x0000000086800000| Untracked 
| 105|0x0000000086900000, 0x0000000086a00000, 0x0000000086a00000|100%| O|  |TAMS 0x0000000086a00000, 0x0000000086900000| Complete 
| 106|0x0000000086a00000, 0x0000000086b00000, 0x0000000086b00000|100%| O|  |TAMS 0x0000000086b00000, 0x0000000086a00000| Complete 
| 107|0x0000000086b00000, 0x0000000086c00000, 0x0000000086c00000|100%| O|  |TAMS 0x0000000086c00000, 0x0000000086b00000| Complete 
| 108|0x0000000086c00000, 0x0000000086d00000, 0x0000000086d00000|100%| O|  |TAMS 0x0000000086d00000, 0x0000000086c00000| Complete 
| 109|0x0000000086d00000, 0x0000000086e00000, 0x0000000086e00000|100%| O|  |TAMS 0x0000000086e00000, 0x0000000086d00000| Untracked 
| 110|0x0000000086e00000, 0x0000000086f00000, 0x0000000086f00000|100%| O|  |TAMS 0x0000000086f00000, 0x0000000086e00000| Untracked 
| 111|0x0000000086f00000, 0x0000000087000000, 0x0000000087000000|100%| O|  |TAMS 0x0000000087000000, 0x0000000086f00000| Complete 
| 112|0x0000000087000000, 0x0000000087000000, 0x0000000087100000|  0%| F|  |TAMS 0x0000000087000000, 0x0000000087000000| Untracked 
| 113|0x0000000087100000, 0x0000000087100000, 0x0000000087200000|  0%| F|  |TAMS 0x0000000087100000, 0x0000000087100000| Untracked 
| 114|0x0000000087200000, 0x0000000087300000, 0x0000000087300000|100%| O|  |TAMS 0x0000000087300000, 0x0000000087200000| Untracked 
| 115|0x0000000087300000, 0x0000000087400000, 0x0000000087400000|100%| O|  |TAMS 0x0000000087400000, 0x0000000087300000| Complete 
| 116|0x0000000087400000, 0x0000000087500000, 0x0000000087500000|100%| O|  |TAMS 0x0000000087500000, 0x0000000087400000| Complete 
| 117|0x0000000087500000, 0x0000000087500000, 0x0000000087600000|  0%| F|  |TAMS 0x0000000087500000, 0x0000000087500000| Untracked 
| 118|0x0000000087600000, 0x0000000087700000, 0x0000000087700000|100%| O|  |TAMS 0x0000000087700000, 0x0000000087600000| Complete 
| 119|0x0000000087700000, 0x0000000087800000, 0x0000000087800000|100%| O|  |TAMS 0x0000000087800000, 0x0000000087700000| Complete 
| 120|0x0000000087800000, 0x0000000087900000, 0x0000000087900000|100%| O|  |TAMS 0x0000000087900000, 0x0000000087800000| Complete 
| 121|0x0000000087900000, 0x0000000087a00000, 0x0000000087a00000|100%| O|  |TAMS 0x0000000087a00000, 0x0000000087900000| Complete 
| 122|0x0000000087a00000, 0x0000000087b00000, 0x0000000087b00000|100%| O|  |TAMS 0x0000000087b00000, 0x0000000087a00000| Complete 
| 123|0x0000000087b00000, 0x0000000087c00000, 0x0000000087c00000|100%| O|  |TAMS 0x0000000087c00000, 0x0000000087b00000| Untracked 
| 124|0x0000000087c00000, 0x0000000087d00000, 0x0000000087d00000|100%| O|  |TAMS 0x0000000087d00000, 0x0000000087c00000| Complete 
| 125|0x0000000087d00000, 0x0000000087df9600, 0x0000000087e00000| 97%| O|  |TAMS 0x0000000087df9600, 0x0000000087d00000| Untracked 
| 126|0x0000000087e00000, 0x0000000087e00000, 0x0000000087f00000|  0%| F|  |TAMS 0x0000000087e00000, 0x0000000087e00000| Untracked 
| 127|0x0000000087f00000, 0x0000000087f00000, 0x0000000088000000|  0%| F|  |TAMS 0x0000000087f00000, 0x0000000087f00000| Untracked 
| 128|0x0000000088000000, 0x0000000088100000, 0x0000000088100000|100%| O|  |TAMS 0x0000000088100000, 0x0000000088000000| Complete 
| 129|0x0000000088100000, 0x0000000088200000, 0x0000000088200000|100%| O|  |TAMS 0x0000000088200000, 0x0000000088100000| Complete 
| 130|0x0000000088200000, 0x0000000088300000, 0x0000000088300000|100%| O|  |TAMS 0x0000000088300000, 0x0000000088200000| Untracked 
| 131|0x0000000088300000, 0x0000000088300000, 0x0000000088400000|  0%| F|  |TAMS 0x0000000088300000, 0x0000000088300000| Untracked 
| 132|0x0000000088400000, 0x0000000088400000, 0x0000000088500000|  0%| F|  |TAMS 0x0000000088400000, 0x0000000088400000| Untracked 
| 133|0x0000000088500000, 0x0000000088500000, 0x0000000088600000|  0%| F|  |TAMS 0x0000000088500000, 0x0000000088500000| Untracked 
| 134|0x0000000088600000, 0x0000000088600000, 0x0000000088700000|  0%| F|  |TAMS 0x0000000088600000, 0x0000000088600000| Untracked 
| 135|0x0000000088700000, 0x0000000088800000, 0x0000000088800000|100%| O|  |TAMS 0x0000000088800000, 0x0000000088700000| Complete 
| 136|0x0000000088800000, 0x0000000088800000, 0x0000000088900000|  0%| F|  |TAMS 0x0000000088800000, 0x0000000088800000| Untracked 
| 137|0x0000000088900000, 0x0000000088900000, 0x0000000088a00000|  0%| F|  |TAMS 0x0000000088900000, 0x0000000088900000| Untracked 
| 138|0x0000000088a00000, 0x0000000088a00000, 0x0000000088b00000|  0%| F|  |TAMS 0x0000000088a00000, 0x0000000088a00000| Untracked 
| 139|0x0000000088b00000, 0x0000000088b00000, 0x0000000088c00000|  0%| F|  |TAMS 0x0000000088b00000, 0x0000000088b00000| Untracked 
| 140|0x0000000088c00000, 0x0000000088c00000, 0x0000000088d00000|  0%| F|  |TAMS 0x0000000088c00000, 0x0000000088c00000| Untracked 
| 141|0x0000000088d00000, 0x0000000088d00000, 0x0000000088e00000|  0%| F|  |TAMS 0x0000000088d00000, 0x0000000088d00000| Untracked 
| 142|0x0000000088e00000, 0x0000000088e00000, 0x0000000088f00000|  0%| F|  |TAMS 0x0000000088e00000, 0x0000000088e00000| Untracked 
| 143|0x0000000088f00000, 0x0000000088f00000, 0x0000000089000000|  0%| F|  |TAMS 0x0000000088f00000, 0x0000000088f00000| Untracked 
| 144|0x0000000089000000, 0x0000000089000000, 0x0000000089100000|  0%| F|  |TAMS 0x0000000089000000, 0x0000000089000000| Untracked 
| 145|0x0000000089100000, 0x0000000089100000, 0x0000000089200000|  0%| F|  |TAMS 0x0000000089100000, 0x0000000089100000| Untracked 
| 146|0x0000000089200000, 0x0000000089200000, 0x0000000089300000|  0%| F|  |TAMS 0x0000000089200000, 0x0000000089200000| Untracked 
| 147|0x0000000089300000, 0x0000000089300000, 0x0000000089400000|  0%| F|  |TAMS 0x0000000089300000, 0x0000000089300000| Untracked 
| 148|0x0000000089400000, 0x0000000089400000, 0x0000000089500000|  0%| F|  |TAMS 0x0000000089400000, 0x0000000089400000| Untracked 
| 149|0x0000000089500000, 0x0000000089500000, 0x0000000089600000|  0%| F|  |TAMS 0x0000000089500000, 0x0000000089500000| Untracked 
| 150|0x0000000089600000, 0x0000000089600000, 0x0000000089700000|  0%| F|  |TAMS 0x0000000089600000, 0x0000000089600000| Untracked 
| 151|0x0000000089700000, 0x0000000089700000, 0x0000000089800000|  0%| F|  |TAMS 0x0000000089700000, 0x0000000089700000| Untracked 
| 152|0x0000000089800000, 0x0000000089800000, 0x0000000089900000|  0%| F|  |TAMS 0x0000000089800000, 0x0000000089800000| Untracked 
| 153|0x0000000089900000, 0x0000000089900000, 0x0000000089a00000|  0%| F|  |TAMS 0x0000000089900000, 0x0000000089900000| Untracked 
| 154|0x0000000089a00000, 0x0000000089a00000, 0x0000000089b00000|  0%| F|  |TAMS 0x0000000089a00000, 0x0000000089a00000| Untracked 
| 155|0x0000000089b00000, 0x0000000089c00000, 0x0000000089c00000|100%| O|  |TAMS 0x0000000089c00000, 0x0000000089b00000| Complete 
| 156|0x0000000089c00000, 0x0000000089d00000, 0x0000000089d00000|100%| O|  |TAMS 0x0000000089d00000, 0x0000000089c00000| Complete 
| 157|0x0000000089d00000, 0x0000000089d00000, 0x0000000089e00000|  0%| F|  |TAMS 0x0000000089d00000, 0x0000000089d00000| Untracked 
| 158|0x0000000089e00000, 0x0000000089e00000, 0x0000000089f00000|  0%| F|  |TAMS 0x0000000089e00000, 0x0000000089e00000| Untracked 
| 159|0x0000000089f00000, 0x0000000089f00000, 0x000000008a000000|  0%| F|  |TAMS 0x0000000089f00000, 0x0000000089f00000| Untracked 
| 160|0x000000008a000000, 0x000000008a000000, 0x000000008a100000|  0%| F|  |TAMS 0x000000008a000000, 0x000000008a000000| Untracked 
| 161|0x000000008a100000, 0x000000008a100000, 0x000000008a200000|  0%| F|  |TAMS 0x000000008a100000, 0x000000008a100000| Untracked 
| 162|0x000000008a200000, 0x000000008a200000, 0x000000008a300000|  0%| F|  |TAMS 0x000000008a200000, 0x000000008a200000| Untracked 
| 163|0x000000008a300000, 0x000000008a300000, 0x000000008a400000|  0%| F|  |TAMS 0x000000008a300000, 0x000000008a300000| Untracked 
| 164|0x000000008a400000, 0x000000008a400000, 0x000000008a500000|  0%| F|  |TAMS 0x000000008a400000, 0x000000008a400000| Untracked 
| 165|0x000000008a500000, 0x000000008a500000, 0x000000008a600000|  0%| F|  |TAMS 0x000000008a500000, 0x000000008a500000| Untracked 
| 166|0x000000008a600000, 0x000000008a600000, 0x000000008a700000|  0%| F|  |TAMS 0x000000008a600000, 0x000000008a600000| Untracked 
| 167|0x000000008a700000, 0x000000008a700000, 0x000000008a800000|  0%| F|  |TAMS 0x000000008a700000, 0x000000008a700000| Untracked 
| 168|0x000000008a800000, 0x000000008a800000, 0x000000008a900000|  0%| F|  |TAMS 0x000000008a800000, 0x000000008a800000| Untracked 
| 169|0x000000008a900000, 0x000000008a900000, 0x000000008aa00000|  0%| F|  |TAMS 0x000000008a900000, 0x000000008a900000| Untracked 
| 170|0x000000008aa00000, 0x000000008aa00000, 0x000000008ab00000|  0%| F|  |TAMS 0x000000008aa00000, 0x000000008aa00000| Untracked 
| 171|0x000000008ab00000, 0x000000008ab00000, 0x000000008ac00000|  0%| F|  |TAMS 0x000000008ab00000, 0x000000008ab00000| Untracked 
| 172|0x000000008ac00000, 0x000000008ac00000, 0x000000008ad00000|  0%| F|  |TAMS 0x000000008ac00000, 0x000000008ac00000| Untracked 
| 173|0x000000008ad00000, 0x000000008ad00000, 0x000000008ae00000|  0%| F|  |TAMS 0x000000008ad00000, 0x000000008ad00000| Untracked 
| 174|0x000000008ae00000, 0x000000008ae00000, 0x000000008af00000|  0%| F|  |TAMS 0x000000008ae00000, 0x000000008ae00000| Untracked 
| 175|0x000000008af00000, 0x000000008af00000, 0x000000008b000000|  0%| F|  |TAMS 0x000000008af00000, 0x000000008af00000| Untracked 
| 176|0x000000008b000000, 0x000000008b000000, 0x000000008b100000|  0%| F|  |TAMS 0x000000008b000000, 0x000000008b000000| Untracked 
| 177|0x000000008b100000, 0x000000008b100000, 0x000000008b200000|  0%| F|  |TAMS 0x000000008b100000, 0x000000008b100000| Untracked 
| 178|0x000000008b200000, 0x000000008b200000, 0x000000008b300000|  0%| F|  |TAMS 0x000000008b200000, 0x000000008b200000| Untracked 
| 179|0x000000008b300000, 0x000000008b3f7528, 0x000000008b400000| 96%| S|CS|TAMS 0x000000008b300000, 0x000000008b300000| Complete 
| 180|0x000000008b400000, 0x000000008b500000, 0x000000008b500000|100%| S|CS|TAMS 0x000000008b400000, 0x000000008b400000| Complete 
| 181|0x000000008b500000, 0x000000008b600000, 0x000000008b600000|100%| S|CS|TAMS 0x000000008b500000, 0x000000008b500000| Complete 
| 182|0x000000008b600000, 0x000000008b700000, 0x000000008b700000|100%| S|CS|TAMS 0x000000008b600000, 0x000000008b600000| Complete 
| 183|0x000000008b700000, 0x000000008b800000, 0x000000008b800000|100%| S|CS|TAMS 0x000000008b700000, 0x000000008b700000| Complete 
| 184|0x000000008b800000, 0x000000008b800000, 0x000000008b900000|  0%| F|  |TAMS 0x000000008b800000, 0x000000008b800000| Untracked 
| 185|0x000000008b900000, 0x000000008b900000, 0x000000008ba00000|  0%| F|  |TAMS 0x000000008b900000, 0x000000008b900000| Untracked 
| 186|0x000000008ba00000, 0x000000008ba00000, 0x000000008bb00000|  0%| F|  |TAMS 0x000000008ba00000, 0x000000008ba00000| Untracked 
| 187|0x000000008bb00000, 0x000000008bb00000, 0x000000008bc00000|  0%| F|  |TAMS 0x000000008bb00000, 0x000000008bb00000| Untracked 
| 188|0x000000008bc00000, 0x000000008bc00000, 0x000000008bd00000|  0%| F|  |TAMS 0x000000008bc00000, 0x000000008bc00000| Untracked 
| 189|0x000000008bd00000, 0x000000008bd00000, 0x000000008be00000|  0%| F|  |TAMS 0x000000008bd00000, 0x000000008bd00000| Untracked 
| 190|0x000000008be00000, 0x000000008be00000, 0x000000008bf00000|  0%| F|  |TAMS 0x000000008be00000, 0x000000008be00000| Untracked 
| 191|0x000000008bf00000, 0x000000008bf00000, 0x000000008c000000|  0%| F|  |TAMS 0x000000008bf00000, 0x000000008bf00000| Untracked 
| 192|0x000000008c000000, 0x000000008c000000, 0x000000008c100000|  0%| F|  |TAMS 0x000000008c000000, 0x000000008c000000| Untracked 
| 193|0x000000008c100000, 0x000000008c100000, 0x000000008c200000|  0%| F|  |TAMS 0x000000008c100000, 0x000000008c100000| Untracked 
| 194|0x000000008c200000, 0x000000008c200000, 0x000000008c300000|  0%| F|  |TAMS 0x000000008c200000, 0x000000008c200000| Untracked 
| 195|0x000000008c300000, 0x000000008c300000, 0x000000008c400000|  0%| F|  |TAMS 0x000000008c300000, 0x000000008c300000| Untracked 
| 196|0x000000008c400000, 0x000000008c400000, 0x000000008c500000|  0%| F|  |TAMS 0x000000008c400000, 0x000000008c400000| Untracked 
| 197|0x000000008c500000, 0x000000008c500000, 0x000000008c600000|  0%| F|  |TAMS 0x000000008c500000, 0x000000008c500000| Untracked 
| 198|0x000000008c600000, 0x000000008c600000, 0x000000008c700000|  0%| F|  |TAMS 0x000000008c600000, 0x000000008c600000| Untracked 
| 199|0x000000008c700000, 0x000000008c700000, 0x000000008c800000|  0%| F|  |TAMS 0x000000008c700000, 0x000000008c700000| Untracked 
| 200|0x000000008c800000, 0x000000008c800000, 0x000000008c900000|  0%| F|  |TAMS 0x000000008c800000, 0x000000008c800000| Untracked 
| 201|0x000000008c900000, 0x000000008c900000, 0x000000008ca00000|  0%| F|  |TAMS 0x000000008c900000, 0x000000008c900000| Untracked 
| 202|0x000000008ca00000, 0x000000008ca00000, 0x000000008cb00000|  0%| F|  |TAMS 0x000000008ca00000, 0x000000008ca00000| Untracked 
| 203|0x000000008cb00000, 0x000000008cb00000, 0x000000008cc00000|  0%| F|  |TAMS 0x000000008cb00000, 0x000000008cb00000| Untracked 
| 204|0x000000008cc00000, 0x000000008cc00000, 0x000000008cd00000|  0%| F|  |TAMS 0x000000008cc00000, 0x000000008cc00000| Untracked 
| 205|0x000000008cd00000, 0x000000008cd00000, 0x000000008ce00000|  0%| F|  |TAMS 0x000000008cd00000, 0x000000008cd00000| Untracked 
| 206|0x000000008ce00000, 0x000000008ce00000, 0x000000008cf00000|  0%| F|  |TAMS 0x000000008ce00000, 0x000000008ce00000| Untracked 
| 207|0x000000008cf00000, 0x000000008cf00000, 0x000000008d000000|  0%| F|  |TAMS 0x000000008cf00000, 0x000000008cf00000| Untracked 
| 208|0x000000008d000000, 0x000000008d000000, 0x000000008d100000|  0%| F|  |TAMS 0x000000008d000000, 0x000000008d000000| Untracked 
| 209|0x000000008d100000, 0x000000008d100000, 0x000000008d200000|  0%| F|  |TAMS 0x000000008d100000, 0x000000008d100000| Untracked 
| 210|0x000000008d200000, 0x000000008d200000, 0x000000008d300000|  0%| F|  |TAMS 0x000000008d200000, 0x000000008d200000| Untracked 
| 211|0x000000008d300000, 0x000000008d300000, 0x000000008d400000|  0%| F|  |TAMS 0x000000008d300000, 0x000000008d300000| Untracked 
| 212|0x000000008d400000, 0x000000008d400000, 0x000000008d500000|  0%| F|  |TAMS 0x000000008d400000, 0x000000008d400000| Untracked 
| 213|0x000000008d500000, 0x000000008d500000, 0x000000008d600000|  0%| F|  |TAMS 0x000000008d500000, 0x000000008d500000| Untracked 
| 214|0x000000008d600000, 0x000000008d600000, 0x000000008d700000|  0%| F|  |TAMS 0x000000008d600000, 0x000000008d600000| Untracked 
| 215|0x000000008d700000, 0x000000008d700000, 0x000000008d800000|  0%| F|  |TAMS 0x000000008d700000, 0x000000008d700000| Untracked 
| 216|0x000000008d800000, 0x000000008d800000, 0x000000008d900000|  0%| F|  |TAMS 0x000000008d800000, 0x000000008d800000| Untracked 
| 217|0x000000008d900000, 0x000000008d900000, 0x000000008da00000|  0%| F|  |TAMS 0x000000008d900000, 0x000000008d900000| Untracked 
| 218|0x000000008da00000, 0x000000008da00000, 0x000000008db00000|  0%| F|  |TAMS 0x000000008da00000, 0x000000008da00000| Untracked 
| 219|0x000000008db00000, 0x000000008db00000, 0x000000008dc00000|  0%| F|  |TAMS 0x000000008db00000, 0x000000008db00000| Untracked 
| 220|0x000000008dc00000, 0x000000008dc00000, 0x000000008dd00000|  0%| F|  |TAMS 0x000000008dc00000, 0x000000008dc00000| Untracked 
| 221|0x000000008dd00000, 0x000000008dd00000, 0x000000008de00000|  0%| F|  |TAMS 0x000000008dd00000, 0x000000008dd00000| Untracked 
| 222|0x000000008de00000, 0x000000008de00000, 0x000000008df00000|  0%| F|  |TAMS 0x000000008de00000, 0x000000008de00000| Untracked 
| 223|0x000000008df00000, 0x000000008df00000, 0x000000008e000000|  0%| F|  |TAMS 0x000000008df00000, 0x000000008df00000| Untracked 
| 224|0x000000008e000000, 0x000000008e000000, 0x000000008e100000|  0%| F|  |TAMS 0x000000008e000000, 0x000000008e000000| Untracked 
| 225|0x000000008e100000, 0x000000008e100000, 0x000000008e200000|  0%| F|  |TAMS 0x000000008e100000, 0x000000008e100000| Untracked 
| 226|0x000000008e200000, 0x000000008e200000, 0x000000008e300000|  0%| F|  |TAMS 0x000000008e200000, 0x000000008e200000| Untracked 
| 227|0x000000008e300000, 0x000000008e300000, 0x000000008e400000|  0%| F|  |TAMS 0x000000008e300000, 0x000000008e300000| Untracked 
| 228|0x000000008e400000, 0x000000008e400000, 0x000000008e500000|  0%| F|  |TAMS 0x000000008e400000, 0x000000008e400000| Untracked 
| 229|0x000000008e500000, 0x000000008e500000, 0x000000008e600000|  0%| F|  |TAMS 0x000000008e500000, 0x000000008e500000| Untracked 
| 230|0x000000008e600000, 0x000000008e600000, 0x000000008e700000|  0%| F|  |TAMS 0x000000008e600000, 0x000000008e600000| Untracked 
| 231|0x000000008e700000, 0x000000008e700000, 0x000000008e800000|  0%| F|  |TAMS 0x000000008e700000, 0x000000008e700000| Untracked 
| 232|0x000000008e800000, 0x000000008e800000, 0x000000008e900000|  0%| F|  |TAMS 0x000000008e800000, 0x000000008e800000| Untracked 
| 233|0x000000008e900000, 0x000000008e900000, 0x000000008ea00000|  0%| F|  |TAMS 0x000000008e900000, 0x000000008e900000| Untracked 
| 234|0x000000008ea00000, 0x000000008ea00000, 0x000000008eb00000|  0%| F|  |TAMS 0x000000008ea00000, 0x000000008ea00000| Untracked 
| 235|0x000000008eb00000, 0x000000008eb00000, 0x000000008ec00000|  0%| F|  |TAMS 0x000000008eb00000, 0x000000008eb00000| Untracked 
| 236|0x000000008ec00000, 0x000000008ec00000, 0x000000008ed00000|  0%| F|  |TAMS 0x000000008ec00000, 0x000000008ec00000| Untracked 
| 237|0x000000008ed00000, 0x000000008ed00000, 0x000000008ee00000|  0%| F|  |TAMS 0x000000008ed00000, 0x000000008ed00000| Untracked 
| 238|0x000000008ee00000, 0x000000008ee00000, 0x000000008ef00000|  0%| F|  |TAMS 0x000000008ee00000, 0x000000008ee00000| Untracked 
| 239|0x000000008ef00000, 0x000000008ef00000, 0x000000008f000000|  0%| F|  |TAMS 0x000000008ef00000, 0x000000008ef00000| Untracked 
| 240|0x000000008f000000, 0x000000008f000000, 0x000000008f100000|  0%| F|  |TAMS 0x000000008f000000, 0x000000008f000000| Untracked 
| 241|0x000000008f100000, 0x000000008f100000, 0x000000008f200000|  0%| F|  |TAMS 0x000000008f100000, 0x000000008f100000| Untracked 
| 242|0x000000008f200000, 0x000000008f200000, 0x000000008f300000|  0%| F|  |TAMS 0x000000008f200000, 0x000000008f200000| Untracked 
| 243|0x000000008f300000, 0x000000008f300000, 0x000000008f400000|  0%| F|  |TAMS 0x000000008f300000, 0x000000008f300000| Untracked 
| 244|0x000000008f400000, 0x000000008f400000, 0x000000008f500000|  0%| F|  |TAMS 0x000000008f400000, 0x000000008f400000| Untracked 
| 245|0x000000008f500000, 0x000000008f500000, 0x000000008f600000|  0%| F|  |TAMS 0x000000008f500000, 0x000000008f500000| Untracked 
| 246|0x000000008f600000, 0x000000008f600000, 0x000000008f700000|  0%| F|  |TAMS 0x000000008f600000, 0x000000008f600000| Untracked 
| 247|0x000000008f700000, 0x000000008f700000, 0x000000008f800000|  0%| F|  |TAMS 0x000000008f700000, 0x000000008f700000| Untracked 
| 248|0x000000008f800000, 0x000000008f8a01c0, 0x000000008f900000| 62%| E|  |TAMS 0x000000008f800000, 0x000000008f800000| Complete 
| 249|0x000000008f900000, 0x000000008fa00000, 0x000000008fa00000|100%| E|CS|TAMS 0x000000008f900000, 0x000000008f900000| Complete 
| 250|0x000000008fa00000, 0x000000008fb00000, 0x000000008fb00000|100%| E|CS|TAMS 0x000000008fa00000, 0x000000008fa00000| Complete 
| 251|0x000000008fb00000, 0x000000008fc00000, 0x000000008fc00000|100%| E|  |TAMS 0x000000008fb00000, 0x000000008fb00000| Complete 
| 252|0x000000008fc00000, 0x000000008fd00000, 0x000000008fd00000|100%| E|CS|TAMS 0x000000008fc00000, 0x000000008fc00000| Complete 
| 253|0x000000008fd00000, 0x000000008fe00000, 0x000000008fe00000|100%| E|CS|TAMS 0x000000008fd00000, 0x000000008fd00000| Complete 

Card table byte_map: [0x0000028533560000,0x0000028533960000] _byte_map_base: 0x0000028533160000

Marking Bits (Prev, Next): (CMBitMap*) 0x000002851df34f38, (CMBitMap*) 0x000002851df34f70
 Prev Bits: [0x0000028533d60000, 0x0000028535d60000)
 Next Bits: [0x0000028535d60000, 0x0000028537d60000)

Polling page: 0x000002851dcc0000

Metaspace:

Usage:
  Non-class:    116.59 MB capacity,   113.81 MB ( 98%) used,     2.30 MB (  2%) free+waste,   503.31 KB ( <1%) overhead. 
      Class:     17.67 MB capacity,    16.09 MB ( 91%) used,     1.36 MB (  8%) free+waste,   221.81 KB (  1%) overhead. 
       Both:    134.27 MB capacity,   129.90 MB ( 97%) used,     3.66 MB (  3%) free+waste,   725.13 KB ( <1%) overhead. 

Virtual space:
  Non-class space:      118.00 MB reserved,     117.47 MB (>99%) committed 
      Class space:        1.00 GB reserved,      18.54 MB (  2%) committed 
             Both:        1.12 GB reserved,     136.01 MB ( 12%) committed 

Chunk freelists:
   Non-Class:  704.00 KB
       Class:  878.00 KB
        Both:  1.54 MB

MaxMetaspaceSize: 17179869184.00 GB
CompressedClassSpaceSize: 1.00 GB

CodeHeap 'non-profiled nmethods': size=119168Kb used=20217Kb max_used=20860Kb free=98950Kb
 bounds [0x000002852ad30000, 0x000002852c1a0000, 0x0000028532190000]
CodeHeap 'profiled nmethods': size=119168Kb used=56370Kb max_used=58354Kb free=62797Kb
 bounds [0x00000285238d0000, 0x00000285271f0000, 0x000002852ad30000]
CodeHeap 'non-nmethods': size=7424Kb used=4072Kb max_used=4181Kb free=3351Kb
 bounds [0x0000028523190000, 0x0000028523630000, 0x00000285238d0000]
 total_blobs=25424 nmethods=24419 adapters=909
 compilation: enabled
              stopped_count=0, restarted_count=0
 full_count=0

Compilation events (20 events):
Event: 1148.152 Thread 0x0000028548bbd000 27634       3       com.google.common.collect.ImmutableList::copyOf (32 bytes)
Event: 1148.152 Thread 0x0000028548bbd000 nmethod 27634 0x00000285243d3690 code [0x00000285243d38a0, 0x00000285243d3e58]
Event: 1148.167 Thread 0x0000028548bba800 27635       3       com.android.build.gradle.internal.tasks.DexMergingTask_Decorated::getSharedParams (34 bytes)
Event: 1148.167 Thread 0x0000028548bba800 nmethod 27635 0x00000285243e4490 code [0x00000285243e46a0, 0x00000285243e4e98]
Event: 1148.170 Thread 0x0000028548bb9800 nmethod 27588 0x000002852b103310 code [0x000002852b1035e0, 0x000002852b105cf0]
Event: 1148.171 Thread 0x0000028548bb9800 27622       4       sun.nio.fs.WindowsPath::getFileName (87 bytes)
Event: 1148.194 Thread 0x0000028548bb9800 nmethod 27622 0x000002852afef510 code [0x000002852afef6e0, 0x000002852aff0338]
Event: 1148.194 Thread 0x0000028548bb9800 27636       4       java.util.stream.AbstractPipeline::isParallel (8 bytes)
Event: 1148.194 Thread 0x0000028548bb9800 nmethod 27636 0x000002852ad40510 code [0x000002852ad406a0, 0x000002852ad40718]
Event: 1148.194 Thread 0x0000028548bb9800 27630       4       org.gradle.api.internal.DefaultDomainObjectCollection::iterator (18 bytes)
Event: 1148.196 Thread 0x0000028548bb9800 nmethod 27630 0x000002852afc2d10 code [0x000002852afc2ec0, 0x000002852afc3158]
Event: 1148.196 Thread 0x0000028548bb9800 27631       4       com.google.common.collect.ArrayListMultimap::put (7 bytes)
Event: 1148.197 Thread 0x0000028548bb9800 nmethod 27631 0x000002852afc7790 code [0x000002852afc7920, 0x000002852afc79a8]
Event: 1148.197 Thread 0x0000028548bb9800 27459       4       com.google.common.reflect.Types$ParameterizedTypeImpl::getActualTypeArguments (8 bytes)
Event: 1148.199 Thread 0x0000028548bb9800 nmethod 27459 0x000002852afd0d90 code [0x000002852afd0f40, 0x000002852afd11f8]
Event: 1148.199 Thread 0x0000028548bb9800 27610       4       org.gradle.internal.snapshot.impl.DirectorySnapshotter$PathVisitor::shouldVisit (80 bytes)
Event: 1148.210 Thread 0x0000028548bb9800 nmethod 27610 0x000002852b0d6a10 code [0x000002852b0d6c00, 0x000002852b0d7238]
Event: 1148.210 Thread 0x0000028548bb9800 27623       4       org.gradle.api.internal.changedetection.state.SplitFileHasher::hash (44 bytes)
Event: 1148.212 Thread 0x0000028548bb9800 nmethod 27623 0x000002852afd0710 code [0x000002852afd08e0, 0x000002852afd0ae8]
Event: 1148.267 Thread 0x0000028548bbb000 nmethod 27445 0x000002852c191110 code [0x000002852c1917c0, 0x000002852c19a180]

GC Heap History (20 events):
Event: 1020.375 GC heap before
{Heap before GC invocations=75 (full 0):
 garbage-first heap   total 260096K, used 233630K [0x0000000080000000, 0x0000000100000000)
  region size 1024K, 82 young (83968K), 3 survivors (3072K)
 Metaspace       used 132582K, capacity 136959K, committed 138760K, reserved 1169408K
  class space    used 16478K, capacity 18098K, committed 18984K, reserved 1048576K
}
Event: 1020.379 GC heap after
{Heap after GC invocations=76 (full 0):
 garbage-first heap   total 260096K, used 132864K [0x0000000080000000, 0x0000000100000000)
  region size 1024K, 7 young (7168K), 7 survivors (7168K)
 Metaspace       used 132582K, capacity 136959K, committed 138760K, reserved 1169408K
  class space    used 16478K, capacity 18098K, committed 18984K, reserved 1048576K
}
Event: 1020.384 GC heap before
{Heap before GC invocations=76 (full 0):
 garbage-first heap   total 260096K, used 137984K [0x0000000080000000, 0x0000000100000000)
  region size 1024K, 12 young (12288K), 7 survivors (7168K)
 Metaspace       used 132582K, capacity 136959K, committed 138760K, reserved 1169408K
  class space    used 16478K, capacity 18098K, committed 18984K, reserved 1048576K
}
Event: 1020.391 GC heap after
{Heap after GC invocations=77 (full 0):
 garbage-first heap   total 260096K, used 129938K [0x0000000080000000, 0x0000000100000000)
  region size 1024K, 2 young (2048K), 2 survivors (2048K)
 Metaspace       used 132582K, capacity 136959K, committed 138760K, reserved 1169408K
  class space    used 16478K, capacity 18098K, committed 18984K, reserved 1048576K
}
Event: 1020.511 GC heap before
{Heap before GC invocations=77 (full 0):
 garbage-first heap   total 260096K, used 161682K [0x0000000080000000, 0x0000000100000000)
  region size 1024K, 35 young (35840K), 2 survivors (2048K)
 Metaspace       used 132617K, capacity 136960K, committed 138760K, reserved 1169408K
  class space    used 16478K, capacity 18098K, committed 18984K, reserved 1048576K
}
Event: 1020.515 GC heap after
{Heap after GC invocations=78 (full 0):
 garbage-first heap   total 260096K, used 132186K [0x0000000080000000, 0x0000000100000000)
  region size 1024K, 5 young (5120K), 5 survivors (5120K)
 Metaspace       used 132617K, capacity 136960K, committed 138760K, reserved 1169408K
  class space    used 16478K, capacity 18098K, committed 18984K, reserved 1048576K
}
Event: 1091.787 GC heap before
{Heap before GC invocations=79 (full 0):
 garbage-first heap   total 260096K, used 204890K [0x0000000080000000, 0x0000000100000000)
  region size 1024K, 68 young (69632K), 5 survivors (5120K)
 Metaspace       used 132832K, capacity 137293K, committed 139016K, reserved 1169408K
  class space    used 16478K, capacity 18098K, committed 18984K, reserved 1048576K
}
Event: 1091.789 GC heap after
{Heap after GC invocations=80 (full 0):
 garbage-first heap   total 260096K, used 132938K [0x0000000080000000, 0x0000000100000000)
  region size 1024K, 3 young (3072K), 3 survivors (3072K)
 Metaspace       used 132832K, capacity 137293K, committed 139016K, reserved 1169408K
  class space    used 16478K, capacity 18098K, committed 18984K, reserved 1048576K
}
Event: 1091.827 GC heap before
{Heap before GC invocations=80 (full 0):
 garbage-first heap   total 260096K, used 141130K [0x0000000080000000, 0x0000000100000000)
  region size 1024K, 12 young (12288K), 3 survivors (3072K)
 Metaspace       used 132834K, capacity 137293K, committed 139016K, reserved 1169408K
  class space    used 16478K, capacity 18098K, committed 18984K, reserved 1048576K
}
Event: 1091.829 GC heap after
{Heap after GC invocations=81 (full 0):
 garbage-first heap   total 260096K, used 124396K [0x0000000080000000, 0x0000000100000000)
  region size 1024K, 1 young (1024K), 1 survivors (1024K)
 Metaspace       used 132834K, capacity 137293K, committed 139016K, reserved 1169408K
  class space    used 16478K, capacity 18098K, committed 18984K, reserved 1048576K
}
Event: 1091.949 GC heap before
{Heap before GC invocations=81 (full 0):
 garbage-first heap   total 260096K, used 144876K [0x0000000080000000, 0x0000000100000000)
  region size 1024K, 22 young (22528K), 1 survivors (1024K)
 Metaspace       used 132899K, capacity 137294K, committed 139016K, reserved 1169408K
  class space    used 16479K, capacity 18098K, committed 18984K, reserved 1048576K
}
Event: 1091.959 GC heap after
{Heap after GC invocations=82 (full 0):
 garbage-first heap   total 260096K, used 126951K [0x0000000080000000, 0x0000000100000000)
  region size 1024K, 4 young (4096K), 4 survivors (4096K)
 Metaspace       used 132899K, capacity 137294K, committed 139016K, reserved 1169408K
  class space    used 16479K, capacity 18098K, committed 18984K, reserved 1048576K
}
Event: 1093.002 GC heap before
{Heap before GC invocations=83 (full 0):
 garbage-first heap   total 260096K, used 204775K [0x0000000080000000, 0x0000000100000000)
  region size 1024K, 64 young (65536K), 4 survivors (4096K)
 Metaspace       used 132917K, capacity 137358K, committed 139016K, reserved 1169408K
  class space    used 16479K, capacity 18098K, committed 18984K, reserved 1048576K
}
Event: 1093.006 GC heap after
{Heap after GC invocations=84 (full 0):
 garbage-first heap   total 260096K, used 131991K [0x0000000080000000, 0x0000000100000000)
  region size 1024K, 8 young (8192K), 8 survivors (8192K)
 Metaspace       used 132917K, capacity 137358K, committed 139016K, reserved 1169408K
  class space    used 16479K, capacity 18098K, committed 18984K, reserved 1048576K
}
Event: 1093.009 GC heap before
{Heap before GC invocations=84 (full 0):
 garbage-first heap   total 260096K, used 135063K [0x0000000080000000, 0x0000000100000000)
  region size 1024K, 12 young (12288K), 8 survivors (8192K)
 Metaspace       used 132917K, capacity 137358K, committed 139016K, reserved 1169408K
  class space    used 16479K, capacity 18098K, committed 18984K, reserved 1048576K
}
Event: 1093.015 GC heap after
{Heap after GC invocations=85 (full 0):
 garbage-first heap   total 260096K, used 126029K [0x0000000080000000, 0x0000000100000000)
  region size 1024K, 2 young (2048K), 2 survivors (2048K)
 Metaspace       used 132917K, capacity 137358K, committed 139016K, reserved 1169408K
  class space    used 16479K, capacity 18098K, committed 18984K, reserved 1048576K
}
Event: 1093.153 GC heap before
{Heap before GC invocations=85 (full 0):
 garbage-first heap   total 260096K, used 155725K [0x0000000080000000, 0x0000000100000000)
  region size 1024K, 33 young (33792K), 2 survivors (2048K)
 Metaspace       used 132929K, capacity 137422K, committed 139016K, reserved 1169408K
  class space    used 16479K, capacity 18098K, committed 18984K, reserved 1048576K
}
Event: 1093.156 GC heap after
{Heap after GC invocations=86 (full 0):
 garbage-first heap   total 260096K, used 125779K [0x0000000080000000, 0x0000000100000000)
  region size 1024K, 1 young (1024K), 1 survivors (1024K)
 Metaspace       used 132929K, capacity 137422K, committed 139016K, reserved 1169408K
  class space    used 16479K, capacity 18098K, committed 18984K, reserved 1048576K
}
Event: 1148.153 GC heap before
{Heap before GC invocations=87 (full 0):
 garbage-first heap   total 260096K, used 219987K [0x0000000080000000, 0x0000000100000000)
  region size 1024K, 70 young (71680K), 1 survivors (1024K)
 Metaspace       used 133016K, capacity 137490K, committed 139272K, reserved 1169408K
  class space    used 16479K, capacity 18098K, committed 18984K, reserved 1048576K
}
Event: 1148.158 GC heap after
{Heap after GC invocations=88 (full 0):
 garbage-first heap   total 260096K, used 129986K [0x0000000080000000, 0x0000000100000000)
  region size 1024K, 5 young (5120K), 5 survivors (5120K)
 Metaspace       used 133016K, capacity 137490K, committed 139272K, reserved 1169408K
  class space    used 16479K, capacity 18098K, committed 18984K, reserved 1048576K
}

Deoptimization events (20 events):
Event: 1093.196 Thread 0x0000028542678000 Uncommon trap: trap_request=0xffffffbe fr.pc=0x000002852c1473e4 relative=0x0000000000000604
Event: 1093.196 Thread 0x0000028542678000 Uncommon trap: reason=profile_predicate action=maybe_recompile pc=0x000002852c1473e4 method=java.util.concurrent.CopyOnWriteArrayList.indexOfRange(Ljava/lang/Object;[Ljava/lang/Object;II)I @ 38 c2
Event: 1093.196 Thread 0x0000028542678000 DEOPT PACKING pc=0x000002852c1473e4 sp=0x00000085c6bfd090
Event: 1093.196 Thread 0x0000028542678000 DEOPT UNPACKING pc=0x00000285231b78af sp=0x00000085c6bfd030 mode 2
Event: 1093.197 Thread 0x0000028542678000 Uncommon trap: trap_request=0xffffffbe fr.pc=0x000002852c1473e4 relative=0x0000000000000604
Event: 1093.197 Thread 0x0000028542678000 Uncommon trap: reason=profile_predicate action=maybe_recompile pc=0x000002852c1473e4 method=java.util.concurrent.CopyOnWriteArrayList.indexOfRange(Ljava/lang/Object;[Ljava/lang/Object;II)I @ 38 c2
Event: 1093.197 Thread 0x0000028542678000 DEOPT PACKING pc=0x000002852c1473e4 sp=0x00000085c6bfc810
Event: 1093.197 Thread 0x0000028542678000 DEOPT UNPACKING pc=0x00000285231b78af sp=0x00000085c6bfc7b0 mode 2
Event: 1147.975 Thread 0x0000028542678000 Uncommon trap: trap_request=0xfffffff4 fr.pc=0x000002852c140da4 relative=0x0000000000000164
Event: 1147.975 Thread 0x0000028542678000 Uncommon trap: reason=null_check action=make_not_entrant pc=0x000002852c140da4 method=org.gradle.api.internal.collections.CollectionFilter.filter(Ljava/lang/Object;)Ljava/lang/Object; @ 5 c2
Event: 1147.975 Thread 0x0000028542678000 DEOPT PACKING pc=0x000002852c140da4 sp=0x00000085c6bfa4a0
Event: 1147.975 Thread 0x0000028542678000 DEOPT UNPACKING pc=0x00000285231b78af sp=0x00000085c6bfa440 mode 2
Event: 1147.977 Thread 0x0000028542678000 DEOPT PACKING pc=0x00000285248a52df sp=0x00000085c6bf87f0
Event: 1147.977 Thread 0x0000028542678000 DEOPT UNPACKING pc=0x00000285231b76ce sp=0x00000085c6bf7c78 mode 0
Event: 1148.063 Thread 0x0000028548bbc000 DEOPT PACKING pc=0x0000028525571cea sp=0x00000085cb5fab80
Event: 1148.063 Thread 0x0000028548bbc000 DEOPT UNPACKING pc=0x00000285231b76ce sp=0x00000085cb5fa060 mode 0
Event: 1148.091 Thread 0x0000028548bbc000 DEOPT PACKING pc=0x00000285265c9122 sp=0x00000085cb5fad40
Event: 1148.091 Thread 0x0000028548bbc000 DEOPT UNPACKING pc=0x00000285231b76ce sp=0x00000085cb5fa280 mode 0
Event: 1148.096 Thread 0x0000028548bbc000 DEOPT PACKING pc=0x0000028526cab1ed sp=0x00000085cb5fae60
Event: 1148.096 Thread 0x0000028548bbc000 DEOPT UNPACKING pc=0x00000285231b76ce sp=0x00000085cb5fa3d0 mode 0

Classes redefined (0 events):
No events

Internal exceptions (20 events):
Event: 1020.901 Thread 0x000002853cbfa800 Exception <a 'sun/nio/fs/WindowsException'{0x000000008d2e3528}> (0x000000008d2e3528) thrown at [./src/hotspot/share/prims/jni.cpp, line 615]
Event: 1020.920 Thread 0x000002853cbfa000 Exception <a 'sun/nio/fs/WindowsException'{0x000000008d000000}> (0x000000008d000000) thrown at [./src/hotspot/share/prims/jni.cpp, line 615]
Event: 1020.925 Thread 0x000002853cbfa000 Exception <a 'sun/nio/fs/WindowsException'{0x000000008cfae7c0}> (0x000000008cfae7c0) thrown at [./src/hotspot/share/prims/jni.cpp, line 615]
Event: 1091.848 Thread 0x0000028542678000 Exception <a 'sun/nio/fs/WindowsException'{0x000000008f73f0a8}> (0x000000008f73f0a8) thrown at [./src/hotspot/share/prims/jni.cpp, line 615]
Event: 1091.865 Thread 0x0000028542678000 Exception <a 'java/lang/NoClassDefFoundError'{0x000000008f5e7a08}: org/jetbrains/kotlin/gradle/plugin/KotlinBasePluginWrapper> (0x000000008f5e7a08) thrown at [./src/hotspot/share/oops/constantPool.cpp, line 775]
Event: 1091.872 Thread 0x0000028542678000 Exception <a 'sun/nio/fs/WindowsException'{0x000000008f3b5b28}> (0x000000008f3b5b28) thrown at [./src/hotspot/share/prims/jni.cpp, line 615]
Event: 1091.877 Thread 0x0000028542678000 Exception <a 'sun/nio/fs/WindowsException'{0x000000008f257138}> (0x000000008f257138) thrown at [./src/hotspot/share/prims/jni.cpp, line 615]
Event: 1091.877 Thread 0x0000028542678000 Exception <a 'sun/nio/fs/WindowsException'{0x000000008f258100}> (0x000000008f258100) thrown at [./src/hotspot/share/prims/jni.cpp, line 615]
Event: 1091.877 Thread 0x0000028542678000 Exception <a 'sun/nio/fs/WindowsException'{0x000000008f259118}> (0x000000008f259118) thrown at [./src/hotspot/share/prims/jni.cpp, line 615]
Event: 1091.877 Thread 0x0000028542678000 Exception <a 'sun/nio/fs/WindowsException'{0x000000008f25a130}> (0x000000008f25a130) thrown at [./src/hotspot/share/prims/jni.cpp, line 615]
Event: 1093.000 Thread 0x000002853cbee800 Exception <a 'sun/nio/fs/WindowsException'{0x000000008bea45c8}> (0x000000008bea45c8) thrown at [./src/hotspot/share/prims/jni.cpp, line 615]
Event: 1093.000 Thread 0x000002853cbee800 Exception <a 'sun/nio/fs/WindowsException'{0x000000008bea46b0}> (0x000000008bea46b0) thrown at [./src/hotspot/share/prims/jni.cpp, line 615]
Event: 1147.961 Thread 0x0000028542678000 Exception <a 'sun/nio/fs/WindowsException'{0x000000008e9031e8}> (0x000000008e9031e8) thrown at [./src/hotspot/share/prims/jni.cpp, line 615]
Event: 1147.975 Thread 0x0000028542678000 Implicit null exception at 0x000002852c140c7e to 0x000002852c140d90
Event: 1147.977 Thread 0x0000028542678000 Exception <a 'java/lang/NoClassDefFoundError'{0x000000008e7ac180}: org/jetbrains/kotlin/gradle/plugin/KotlinBasePluginWrapper> (0x000000008e7ac180) thrown at [./src/hotspot/share/oops/constantPool.cpp, line 775]
Event: 1147.984 Thread 0x0000028542678000 Exception <a 'sun/nio/fs/WindowsException'{0x000000008e6b01c0}> (0x000000008e6b01c0) thrown at [./src/hotspot/share/prims/jni.cpp, line 615]
Event: 1147.988 Thread 0x0000028542678000 Exception <a 'sun/nio/fs/WindowsException'{0x000000008e555fc8}> (0x000000008e555fc8) thrown at [./src/hotspot/share/prims/jni.cpp, line 615]
Event: 1147.988 Thread 0x0000028542678000 Exception <a 'sun/nio/fs/WindowsException'{0x000000008e556f90}> (0x000000008e556f90) thrown at [./src/hotspot/share/prims/jni.cpp, line 615]
Event: 1147.988 Thread 0x0000028542678000 Exception <a 'sun/nio/fs/WindowsException'{0x000000008e557fa8}> (0x000000008e557fa8) thrown at [./src/hotspot/share/prims/jni.cpp, line 615]
Event: 1147.988 Thread 0x0000028542678000 Exception <a 'sun/nio/fs/WindowsException'{0x000000008e558fc0}> (0x000000008e558fc0) thrown at [./src/hotspot/share/prims/jni.cpp, line 615]

Events (20 events):
Event: 1148.121 Executing VM operation: RevokeBias
Event: 1148.121 Executing VM operation: RevokeBias done
Event: 1148.121 Executing VM operation: RevokeBias
Event: 1148.121 Executing VM operation: RevokeBias done
Event: 1148.124 Executing VM operation: RevokeBias
Event: 1148.124 Executing VM operation: RevokeBias done
Event: 1148.132 Executing VM operation: RevokeBias
Event: 1148.132 Executing VM operation: RevokeBias done
Event: 1148.132 Executing VM operation: RevokeBias
Event: 1148.133 Executing VM operation: RevokeBias done
Event: 1148.135 Executing VM operation: RevokeBias
Event: 1148.135 Executing VM operation: RevokeBias done
Event: 1148.142 Executing VM operation: RevokeBias
Event: 1148.142 Executing VM operation: RevokeBias done
Event: 1148.149 Thread 0x00000285486cc800 Thread added: 0x00000285486cc800
Event: 1148.153 Executing VM operation: G1CollectForAllocation
Event: 1148.158 Executing VM operation: G1CollectForAllocation done
Event: 1148.159 Thread 0x00000285408c3000 Thread added: 0x00000285408c3000
Event: 1148.163 Thread 0x00000285408c0000 Thread added: 0x00000285408c0000
Event: 1148.163 Thread 0x00000285408bf000 Thread added: 0x00000285408bf000


Dynamic libraries:
0x00007ff6ade00000 - 0x00007ff6ade0a000 	C:\Program Files\Android\Android Studio\jre\bin\java.exe
0x00007ffc51150000 - 0x00007ffc51345000 	C:\Windows\SYSTEM32\ntdll.dll
0x00007ffc50610000 - 0x00007ffc506ce000 	C:\Windows\System32\KERNEL32.DLL
0x00007ffc4ea80000 - 0x00007ffc4ed49000 	C:\Windows\System32\KERNELBASE.dll
0x00007ffc4e980000 - 0x00007ffc4ea80000 	C:\Windows\System32\ucrtbase.dll
0x00007ffc42ab0000 - 0x00007ffc42ac9000 	C:\Program Files\Android\Android Studio\jre\bin\jli.dll
0x00007ffc40e90000 - 0x00007ffc40ea7000 	C:\Program Files\Android\Android Studio\jre\bin\VCRUNTIME140.dll
0x00007ffc4f6e0000 - 0x00007ffc4f881000 	C:\Windows\System32\USER32.dll
0x00007ffc32100000 - 0x00007ffc3239a000 	C:\Windows\WinSxS\amd64_microsoft.windows.common-controls_6595b64144ccf1df_6.0.19041.1110_none_60b5254171f9507e\COMCTL32.dll
0x00007ffc4ee00000 - 0x00007ffc4ee22000 	C:\Windows\System32\win32u.dll
0x00007ffc4f4e0000 - 0x00007ffc4f57e000 	C:\Windows\System32\msvcrt.dll
0x00007ffc4f690000 - 0x00007ffc4f6bb000 	C:\Windows\System32\GDI32.dll
0x00007ffc4e870000 - 0x00007ffc4e97b000 	C:\Windows\System32\gdi32full.dll
0x00007ffc4ee60000 - 0x00007ffc4eefd000 	C:\Windows\System32\msvcp_win.dll
0x00007ffc4f660000 - 0x00007ffc4f690000 	C:\Windows\System32\IMM32.DLL
0x00007ffc2a720000 - 0x00007ffc2a7bd000 	C:\Program Files\Android\Android Studio\jre\bin\msvcp140.dll
0x00007ffbf3c60000 - 0x00007ffbf472f000 	C:\Program Files\Android\Android Studio\jre\bin\server\jvm.dll
0x00007ffc50760000 - 0x00007ffc5080c000 	C:\Windows\System32\ADVAPI32.dll
0x00007ffc4ffd0000 - 0x00007ffc5006b000 	C:\Windows\System32\sechost.dll
0x00007ffc50070000 - 0x00007ffc5019a000 	C:\Windows\System32\RPCRT4.dll
0x00007ffc50da0000 - 0x00007ffc50da8000 	C:\Windows\System32\PSAPI.DLL
0x00007ffc34100000 - 0x00007ffc34109000 	C:\Windows\SYSTEM32\WSOCK32.dll
0x00007ffc41120000 - 0x00007ffc41147000 	C:\Windows\SYSTEM32\WINMM.dll
0x00007ffc4d6b0000 - 0x00007ffc4d6ba000 	C:\Windows\SYSTEM32\VERSION.dll
0x00007ffc50250000 - 0x00007ffc502bb000 	C:\Windows\System32\WS2_32.dll
0x00007ffc4d670000 - 0x00007ffc4d682000 	C:\Windows\SYSTEM32\kernel.appcore.dll
0x00007ffc4b910000 - 0x00007ffc4b921000 	C:\Program Files\Android\Android Studio\jre\bin\verify.dll
0x00007ffc4cbc0000 - 0x00007ffc4cda4000 	C:\Windows\SYSTEM32\DBGHELP.DLL
0x00007ffc33f60000 - 0x00007ffc33f8c000 	C:\Windows\SYSTEM32\dbgcore.DLL
0x00007ffc4ef50000 - 0x00007ffc4efd3000 	C:\Windows\System32\bcryptPrimitives.dll
0x00007ffc4b8e0000 - 0x00007ffc4b909000 	C:\Program Files\Android\Android Studio\jre\bin\java.dll
0x00007ffc4add0000 - 0x00007ffc4addb000 	C:\Program Files\Android\Android Studio\jre\bin\jimage.dll
0x00007ffc4adb0000 - 0x00007ffc4adc8000 	C:\Program Files\Android\Android Studio\jre\bin\zip.dll
0x00007ffc4f890000 - 0x00007ffc4ffcf000 	C:\Windows\System32\SHELL32.dll
0x00007ffc4c200000 - 0x00007ffc4c990000 	C:\Windows\SYSTEM32\windows.storage.dll
0x00007ffc50db0000 - 0x00007ffc51105000 	C:\Windows\System32\combase.dll
0x00007ffc4e2c0000 - 0x00007ffc4e2ec000 	C:\Windows\SYSTEM32\Wldp.dll
0x00007ffc501a0000 - 0x00007ffc5024e000 	C:\Windows\System32\SHCORE.dll
0x00007ffc50c90000 - 0x00007ffc50ce5000 	C:\Windows\System32\shlwapi.dll
0x00007ffc4e7b0000 - 0x00007ffc4e7cf000 	C:\Windows\SYSTEM32\profapi.dll
0x00007ffc4ad90000 - 0x00007ffc4adaa000 	C:\Program Files\Android\Android Studio\jre\bin\net.dll
0x00007ffc41720000 - 0x00007ffc41828000 	C:\Windows\SYSTEM32\WINHTTP.dll
0x00007ffc4e020000 - 0x00007ffc4e08a000 	C:\Windows\system32\mswsock.dll
0x00007ffc48cd0000 - 0x00007ffc48ce4000 	C:\Program Files\Android\Android Studio\jre\bin\nio.dll
0x00007ffc4adf0000 - 0x00007ffc4ae17000 	C:\Users\XIAJUNWEN\.gradle\native\8bec1ad78214c89d9ad589b4d07fe93259594b29d510b10fafb7a158f7737e5d\windows-amd64\native-platform.dll
0x00007ffc21240000 - 0x00007ffc2137d000 	C:\Users\XIAJUNWEN\.gradle\native\53dbd7edfb1c66fb8903c78663c9afc45aea4f116125fa6feffd364cf09443e8\windows-amd64\native-platform-file-events.dll
0x00007ffc48cc0000 - 0x00007ffc48cca000 	C:\Program Files\Android\Android Studio\jre\bin\management.dll
0x00007ffc48cb0000 - 0x00007ffc48cbc000 	C:\Program Files\Android\Android Studio\jre\bin\management_ext.dll
0x00007ffc4e210000 - 0x00007ffc4e228000 	C:\Windows\SYSTEM32\CRYPTSP.dll
0x00007ffc4d930000 - 0x00007ffc4d964000 	C:\Windows\system32\rsaenh.dll
0x00007ffc4ee30000 - 0x00007ffc4ee57000 	C:\Windows\System32\bcrypt.dll
0x00007ffc4e730000 - 0x00007ffc4e75e000 	C:\Windows\SYSTEM32\USERENV.dll
0x00007ffc4e230000 - 0x00007ffc4e23c000 	C:\Windows\SYSTEM32\CRYPTBASE.dll
0x00007ffc4dcc0000 - 0x00007ffc4dcfb000 	C:\Windows\SYSTEM32\IPHLPAPI.DLL
0x00007ffc503f0000 - 0x00007ffc503f8000 	C:\Windows\System32\NSI.dll
0x00007ffc47670000 - 0x00007ffc47687000 	C:\Windows\SYSTEM32\dhcpcsvc6.DLL
0x00007ffc47650000 - 0x00007ffc4766d000 	C:\Windows\SYSTEM32\dhcpcsvc.DLL
0x00007ffc4dd00000 - 0x00007ffc4ddcc000 	C:\Windows\SYSTEM32\DNSAPI.dll
0x00007ffc487b0000 - 0x00007ffc487d7000 	C:\Program Files\Android\Android Studio\jre\bin\sunec.dll

dbghelp: loaded successfully - version: 4.0.5 - missing functions: none
symbol engine: initialized successfully - sym options: 0x614 - pdb path: .;C:\Program Files\Android\Android Studio\jre\bin;C:\Windows\SYSTEM32;C:\Windows\WinSxS\amd64_microsoft.windows.common-controls_6595b64144ccf1df_6.0.19041.1110_none_60b5254171f9507e;C:\Program Files\Android\Android Studio\jre\bin\server;C:\Users\XIAJUNWEN\.gradle\native\8bec1ad78214c89d9ad589b4d07fe93259594b29d510b10fafb7a158f7737e5d\windows-amd64;C:\Users\XIAJUNWEN\.gradle\native\53dbd7edfb1c66fb8903c78663c9afc45aea4f116125fa6feffd364cf09443e8\windows-amd64

VM Arguments:
jvm_args: --add-opens=java.base/java.util=ALL-UNNAMED --add-opens=java.base/java.lang=ALL-UNNAMED --add-opens=java.base/java.lang.invoke=ALL-UNNAMED --add-opens=java.base/java.util=ALL-UNNAMED --add-opens=java.prefs/java.util.prefs=ALL-UNNAMED --add-opens=java.prefs/java.util.prefs=ALL-UNNAMED --add-opens=java.base/java.nio.charset=ALL-UNNAMED --add-opens=java.base/java.net=ALL-UNNAMED --add-opens=java.base/java.util.concurrent.atomic=ALL-UNNAMED -Xmx2048m -Dfile.encoding=UTF-8 -Duser.country=CN -Duser.language=zh -Duser.variant 
java_command: org.gradle.launcher.daemon.bootstrap.GradleDaemon 7.0.2
java_class_path (initial): C:\Users\XIAJUNWEN\.gradle\wrapper\dists\gradle-7.0.2-bin\857tjihv64xamwrf0h14cai3r\gradle-7.0.2\lib\gradle-launcher-7.0.2.jar
Launcher Type: SUN_STANDARD

[Global flags]
     intx CICompilerCount                          = 12                                        {product} {ergonomic}
     uint ConcGCThreads                            = 3                                         {product} {ergonomic}
     uint G1ConcRefinementThreads                  = 13                                        {product} {ergonomic}
   size_t G1HeapRegionSize                         = 1048576                                   {product} {ergonomic}
    uintx GCDrainStackTargetSize                   = 64                                        {product} {ergonomic}
   size_t InitialHeapSize                          = 266338304                                 {product} {ergonomic}
   size_t MarkStackSize                            = 4194304                                   {product} {ergonomic}
   size_t MaxHeapSize                              = 2147483648                                {product} {command line}
   size_t MaxNewSize                               = 1287651328                                {product} {ergonomic}
   size_t MinHeapDeltaBytes                        = 1048576                                   {product} {ergonomic}
    uintx NonNMethodCodeHeapSize                   = 7594288                                {pd product} {ergonomic}
    uintx NonProfiledCodeHeapSize                  = 122031976                              {pd product} {ergonomic}
    uintx ProfiledCodeHeapSize                     = 122031976                              {pd product} {ergonomic}
    uintx ReservedCodeCacheSize                    = 251658240                              {pd product} {ergonomic}
     bool SegmentedCodeCache                       = true                                      {product} {ergonomic}
     bool UseCompressedClassPointers               = true                                 {lp64_product} {ergonomic}
     bool UseCompressedOops                        = true                                 {lp64_product} {ergonomic}
     bool UseG1GC                                  = true                                      {product} {ergonomic}
     bool UseLargePagesIndividualAllocation        = false                                  {pd product} {ergonomic}

Logging:
Log output configuration:
 #0: stdout all=warning uptime,level,tags
 #1: stderr all=off uptime,level,tags

Environment Variables:
PATH=C:\Program Files (x86)\VMware\VMware Workstation\bin\;C:\Program Files (x86)\Common Files\Oracle\Java\javapath;C:\Windows\system32;C:\Windows;C:\Windows\System32\Wbem;C:\Windows\System32\WindowsPowerShell\v1.0\;C:\Windows\System32\OpenSSH\;C:\Program Files (x86)\NVIDIA Corporation\PhysX\Common;C:\Program Files\NVIDIA Corporation\NVIDIA NvDLISR;C:\Program Files\Java\jdk1.8.0_291\bin;C:\apache-maven-3.5.3-bin\apache-maven-3.5.3\bin;C:\Program Files\Git\cmd;C:\Program Files (x86)\Pulse Secure\VC142.CRT\X64\;C:\Program Files (x86)\Pulse Secure\VC142.CRT\X86\;C:\Program Files (x86)\dotnet\;C:\Users\XIAJUNWEN\AppData\Local\Microsoft\WindowsApps;C:\ProgramData\XIAJUNWEN\GitHubDesktop\bin;C:\Users\XIAJUNWEN\AppData\Local\GitHubDesktop\bin
USERNAME=XIAJUNWEN
OS=Windows_NT
PROCESSOR_IDENTIFIER=Intel64 Family 6 Model 165 Stepping 2, GenuineIntel



---------------  S Y S T E M  ---------------

OS: Windows 10 , 64 bit Build 19041 (10.0.19041.1202)
OS uptime: 4 days 20:12 hours

CPU:total 16 (initial active 16) (8 cores per cpu, 2 threads per core) family 6 model 165 stepping 2 microcode 0xe2, cmov, cx8, fxsr, mmx, sse, sse2, sse3, ssse3, sse4.1, sse4.2, popcnt, avx, avx2, aes, clmul, erms, 3dnowpref, lzcnt, ht, tsc, tscinvbit, bmi1, bmi2, adx, fma

Memory: 4k page, system-wide physical 16146M (740M free)
TotalPageFile size 41997M (AvailPageFile size 10M)
current process WorkingSet (physical memory assigned to process): 642M, peak: 718M
current process commit charge ("private bytes"): 766M, peak: 769M

vm_info: OpenJDK 64-Bit Server VM (11.0.10+0-b96-7249189) for windows-amd64 JRE (11.0.10+0-b96-7249189), built on Mar 31 2021 21:44:00 by "builder" with MS VC++ 14.0 (VS2015)

END.
